#
# A fatal error has been detected by the Java Runtime Environment:
#
#  EXCEPTION_ACCESS_VIOLATION (0xc0000005) at pc=0x00007ffd8f6747b4, pid=6048, tid=0x00000000000037e0
#
# JRE version: Java(TM) SE Runtime Environment (8.0_181-b13) (build 1.8.0_181-b13)
# Java VM: Java HotSpot(TM) 64-Bit Server VM (25.181-b13 mixed mode windows-amd64 compressed oops)
# Problematic frame:
# C  [msvcrt.dll+0x747b4]
#
# Failed to write core dump. Minidumps are not enabled by default on client versions of Windows
#
# If you would like to submit a bug report, please visit:
#   http://bugreport.java.com/bugreport/crash.jsp
# The crash happened outside the Java Virtual Machine in native code.
# See problematic frame for where to report the bug.
#

---------------  T H R E A D  ---------------

Current thread (0x000000001a89f000):  JavaThread "LWJGL Application" [_thread_in_native, id=14304, stack(0x000000002aa50000,0x000000002ab50000)]

siginfo: ExceptionCode=0xc0000005, writing address 0x000000001faa6000

Registers:
RAX=0x00000000d5ff2168, RBX=0x000000001a89f1f8, RCX=0x000000001faa6010, RDX=0x00000000b654c1f8
RSP=0x000000002ab4f028, RBP=0x000000002ab4f0c0, RSI=0x000000000000012c, RDI=0x0000000000000000
R8 =0x0000000000000010, R9 =0x0000000000000021, R10=0x000000000000000c, R11=0x000000001faa5f70
R12=0x00000000d5ff2168, R13=0x000000001faa5f70, R14=0x000000002ab4f0f0, R15=0x000000001a89f000
RIP=0x00007ffd8f6747b4, EFLAGS=0x0000000000010202

Top of Stack: (sp=0x000000002ab4f028)
0x000000002ab4f028:   0000000065ac20f4 000000001a89f1f8
0x000000002ab4f038:   000000002ab4f0c0 000000000000012c
0x000000002ab4f048:   000000002ab4f070 000000002ab4f0c0
0x000000002ab4f058:   0000000000000148 00000000d5fec980
0x000000002ab4f068:   0000000000000000 000000002ab4f100
0x000000002ab4f078:   0000000000000000 000000002ab4f308
0x000000002ab4f088:   0000000002b5d3ae 000000002ab4f130
0x000000002ab4f098:   0000000000000000 00000000024c6a70
0x000000002ab4f0a8:   000000001a89f000 000000000000012c
0x000000002ab4f0b8:   0000000000000000 00000000d5ff2158
0x000000002ab4f0c8:   00000000d5fec980 0000000000000000
0x000000002ab4f0d8:   00000000024c6a70 000000002ab4f1d8
0x000000002ab4f0e8:   0000000002b5df4f 00000000d5f439c0
0x000000002ab4f0f8:   000000002ab4f140 000000002ab4f350
0x000000002ab4f108:   0000000002b6539c 00007ffd25c4dcc0
0x000000002ab4f118:   000000001a89f000 000000002ab4f148 

Instructions: (pc=0x00007ffd8f6747b4)
0x00007ffd8f674794:   00 00 0f 87 76 00 00 00 49 83 e0 1f f3 0f 6f 04
0x00007ffd8f6747a4:   11 f3 0f 6f 4c 11 10 48 83 c1 20 66 0f 7f 41 e0
0x00007ffd8f6747b4:   66 0f 7f 49 f0 49 ff c9 75 e2 e9 4f ff ff ff 66
0x00007ffd8f6747c4:   66 66 66 66 66 66 0f 1f 84 00 00 00 00 00 66 66 


Register to memory mapping:

RAX=0x00000000d5ff2168 is an oop

[error occurred during error reporting (printing register info), id 0xc0000005]

Stack: [0x000000002aa50000,0x000000002ab50000],  sp=0x000000002ab4f028,  free space=1020k
Native frames: (J=compiled Java code, j=interpreted, Vv=VM code, C=native code)
C  [msvcrt.dll+0x747b4]
C  0x0000000065ac20f4
C  0x0000000002b5d3ae

Java frames: (J=compiled Java code, j=interpreted, Vv=VM code)
J 1882  com.badlogic.gdx.utils.BufferUtils.copyJni([FLjava/nio/Buffer;II)V (0 bytes) @ 0x0000000002b5d330 [0x0000000002b5d2c0+0x70]
J 1881 C1 com.badlogic.gdx.utils.BufferUtils.copy([FLjava/nio/Buffer;II)V (45 bytes) @ 0x0000000002b6539c [0x0000000002b64f40+0x45c]
J 1847 C1 com.badlogic.gdx.graphics.g2d.SpriteBatch.flush()V (193 bytes) @ 0x0000000002b4c26c [0x0000000002b4bce0+0x58c]
j  com.badlogic.gdx.graphics.g2d.SpriteBatch.end()V+25
j  game.tanki.TankGame.render()V+82
j  com.badlogic.gdx.backends.lwjgl.LwjglApplication.mainLoop()V+776
j  com.badlogic.gdx.backends.lwjgl.LwjglApplication$1.run()V+27
v  ~StubRoutines::call_stub

---------------  P R O C E S S  ---------------

Java Threads: ( => current thread )
  0x000000001a89c800 JavaThread "LWJGL Timer" daemon [_thread_blocked, id=18084, stack(0x0000000024c30000,0x0000000024d30000)]
  0x000000001a8a3800 JavaThread "DestroyJavaVM" [_thread_blocked, id=17388, stack(0x0000000002350000,0x0000000002450000)]
=>0x000000001a89f000 JavaThread "LWJGL Application" [_thread_in_native, id=14304, stack(0x000000002aa50000,0x000000002ab50000)]
  0x000000001a529000 JavaThread "Media Resource Disposer" daemon [_thread_blocked, id=9532, stack(0x0000000029150000,0x0000000029250000)]
  0x000000001a822000 JavaThread "Prism Font Disposer" daemon [_thread_blocked, id=13172, stack(0x0000000028850000,0x0000000028950000)]
  0x000000001a5f8800 JavaThread "Thread-9" [_thread_blocked, id=5624, stack(0x0000000024f50000,0x0000000025050000)]
  0x000000001a568000 JavaThread "Thread-2" daemon [_thread_in_native, id=14764, stack(0x0000000024230000,0x0000000024330000)]
  0x0000000019807000 JavaThread "Thread-1" daemon [_thread_blocked, id=18416, stack(0x000000001b6d0000,0x000000001b7d0000)]
  0x00000000194f2800 JavaThread "Service Thread" daemon [_thread_blocked, id=14164, stack(0x000000001a030000,0x000000001a130000)]
  0x0000000019463000 JavaThread "C1 CompilerThread3" daemon [_thread_blocked, id=10584, stack(0x0000000019f30000,0x000000001a030000)]
  0x000000001945c000 JavaThread "C2 CompilerThread2" daemon [_thread_blocked, id=15180, stack(0x0000000019e30000,0x0000000019f30000)]
  0x0000000019456000 JavaThread "C2 CompilerThread1" daemon [_thread_blocked, id=15588, stack(0x0000000019d30000,0x0000000019e30000)]
  0x0000000019452800 JavaThread "C2 CompilerThread0" daemon [_thread_blocked, id=8196, stack(0x0000000019c30000,0x0000000019d30000)]
  0x0000000019450800 JavaThread "Attach Listener" daemon [_thread_blocked, id=8616, stack(0x0000000019b30000,0x0000000019c30000)]
  0x000000001944f800 JavaThread "Signal Dispatcher" daemon [_thread_blocked, id=7928, stack(0x0000000019a30000,0x0000000019b30000)]
  0x0000000019440800 JavaThread "Finalizer" daemon [_thread_blocked, id=15892, stack(0x0000000019820000,0x0000000019920000)]
  0x00000000025a9800 JavaThread "Reference Handler" daemon [_thread_blocked, id=19868, stack(0x0000000019320000,0x0000000019420000)]

Other Threads:
  0x0000000017529000 VMThread [stack: 0x0000000019220000,0x0000000019320000] [id=12212]
  0x000000001947b800 WatcherThread [stack: 0x000000001a130000,0x000000001a230000] [id=20156]

VM state:not at safepoint (normal execution)

VM Mutex/Monitor currently owned by a thread: None

Heap:
 PSYoungGen      total 38400K, used 1976K [0x00000000d5f00000, 0x00000000d8980000, 0x0000000100000000)
  eden space 33280K, 5% used [0x00000000d5f00000,0x00000000d60ee038,0x00000000d7f80000)
  from space 5120K, 0% used [0x00000000d8480000,0x00000000d8480000,0x00000000d8980000)
  to   space 5120K, 0% used [0x00000000d7f80000,0x00000000d7f80000,0x00000000d8480000)
 ParOldGen       total 75776K, used 9774K [0x0000000081c00000, 0x0000000086600000, 0x00000000d5f00000)
  object space 75776K, 12% used [0x0000000081c00000,0x000000008258b830,0x0000000086600000)
 Metaspace       used 21114K, capacity 21843K, committed 22016K, reserved 1069056K
  class space    used 2839K, capacity 3043K, committed 3072K, reserved 1048576K

Card table byte_map: [0x0000000011970000,0x0000000011d70000] byte_map_base: 0x0000000011562000

Marking Bits: (ParMarkBitMap*) 0x000000006be92d00
 Begin Bits: [0x0000000012820000, 0x00000000147b0000)
 End Bits:   [0x00000000147b0000, 0x0000000016740000)

Polling page: 0x0000000002290000

CodeCache: size=245760Kb used=6098Kb max_used=6098Kb free=239661Kb
 bounds [0x00000000025b0000, 0x0000000002bb0000, 0x00000000115b0000]
 total_blobs=2757 nmethods=1958 adapters=711
 compilation: enabled

Compilation events (10 events):
Event: 14.246 Thread 0x0000000019463000 nmethod 1943 0x0000000002b9a310 code [0x0000000002b9a500, 0x0000000002b9ac38]
Event: 14.296 Thread 0x0000000019463000 1945   !   3       org.lwjgl.opengl.Display::update (154 bytes)
Event: 14.297 Thread 0x0000000019463000 nmethod 1945 0x0000000002b9b710 code [0x0000000002b9b9a0, 0x0000000002b9cb78]
Event: 14.297 Thread 0x0000000019463000 1946   !   3       org.lwjgl.opengl.Display::swapBuffers (55 bytes)
Event: 14.297 Thread 0x0000000019463000 nmethod 1946 0x0000000002b9d390 code [0x0000000002b9d540, 0x0000000002b9dbb8]
Event: 14.297 Thread 0x0000000019463000 1947       3       org.lwjgl.opengl.DrawableGL::swapBuffers (4 bytes)
Event: 14.298 Thread 0x0000000019463000 nmethod 1947 0x0000000002b9de90 code [0x0000000002b9e000, 0x0000000002b9e208]
Event: 14.298 Thread 0x0000000019463000 1948       3       org.lwjgl.opengl.ContextGL::swapBuffers (9 bytes)
Event: 14.298 Thread 0x0000000019463000 nmethod 1948 0x0000000002b9e2d0 code [0x0000000002b9e440, 0x0000000002b9e5c8]
Event: 14.298 Thread 0x0000000019463000 1949   !   3       org.lwjgl.opengl.WindowsContextImplementation::swapBuffers (67 bytes)

GC Heap History (6 events):
Event: 1.548 GC heap before
{Heap before GC invocations=1 (full 0):
 PSYoungGen      total 38400K, used 33280K [0x00000000d5f00000, 0x00000000d8980000, 0x0000000100000000)
  eden space 33280K, 100% used [0x00000000d5f00000,0x00000000d7f80000,0x00000000d7f80000)
  from space 5120K, 0% used [0x00000000d8480000,0x00000000d8480000,0x00000000d8980000)
  to   space 5120K, 0% used [0x00000000d7f80000,0x00000000d7f80000,0x00000000d8480000)
 ParOldGen       total 87552K, used 0K [0x0000000081c00000, 0x0000000087180000, 0x00000000d5f00000)
  object space 87552K, 0% used [0x0000000081c00000,0x0000000081c00000,0x0000000087180000)
 Metaspace       used 14242K, capacity 14736K, committed 14976K, reserved 1062912K
  class space    used 1898K, capacity 2053K, committed 2176K, reserved 1048576K
Event: 1.555 GC heap after
Heap after GC invocations=1 (full 0):
 PSYoungGen      total 38400K, used 5100K [0x00000000d5f00000, 0x00000000d8980000, 0x0000000100000000)
  eden space 33280K, 0% used [0x00000000d5f00000,0x00000000d5f00000,0x00000000d7f80000)
  from space 5120K, 99% used [0x00000000d7f80000,0x00000000d847b050,0x00000000d8480000)
  to   space 5120K, 0% used [0x00000000d8480000,0x00000000d8480000,0x00000000d8980000)
 ParOldGen       total 87552K, used 1741K [0x0000000081c00000, 0x0000000087180000, 0x00000000d5f00000)
  object space 87552K, 1% used [0x0000000081c00000,0x0000000081db3528,0x0000000087180000)
 Metaspace       used 14242K, capacity 14736K, committed 14976K, reserved 1062912K
  class space    used 1898K, capacity 2053K, committed 2176K, reserved 1048576K
}
Event: 5.330 GC heap before
{Heap before GC invocations=2 (full 0):
 PSYoungGen      total 38400K, used 30203K [0x00000000d5f00000, 0x00000000d8980000, 0x0000000100000000)
  eden space 33280K, 75% used [0x00000000d5f00000,0x00000000d7783be0,0x00000000d7f80000)
  from space 5120K, 99% used [0x00000000d7f80000,0x00000000d847b050,0x00000000d8480000)
  to   space 5120K, 0% used [0x00000000d8480000,0x00000000d8480000,0x00000000d8980000)
 ParOldGen       total 87552K, used 1741K [0x0000000081c00000, 0x0000000087180000, 0x00000000d5f00000)
  object space 87552K, 1% used [0x0000000081c00000,0x0000000081db3528,0x0000000087180000)
 Metaspace       used 20464K, capacity 21171K, committed 21248K, reserved 1067008K
  class space    used 2804K, capacity 3011K, committed 3072K, reserved 1048576K
Event: 5.339 GC heap after
Heap after GC invocations=2 (full 0):
 PSYoungGen      total 38400K, used 5100K [0x00000000d5f00000, 0x00000000d8980000, 0x0000000100000000)
  eden space 33280K, 0% used [0x00000000d5f00000,0x00000000d5f00000,0x00000000d7f80000)
  from space 5120K, 99% used [0x00000000d8480000,0x00000000d897b010,0x00000000d8980000)
  to   space 5120K, 0% used [0x00000000d7f80000,0x00000000d7f80000,0x00000000d8480000)
 ParOldGen       total 87552K, used 9874K [0x0000000081c00000, 0x0000000087180000, 0x00000000d5f00000)
  object space 87552K, 11% used [0x0000000081c00000,0x00000000825a48d8,0x0000000087180000)
 Metaspace       used 20464K, capacity 21171K, committed 21248K, reserved 1067008K
  class space    used 2804K, capacity 3011K, committed 3072K, reserved 1048576K
}
Event: 5.339 GC heap before
{Heap before GC invocations=3 (full 1):
 PSYoungGen      total 38400K, used 5100K [0x00000000d5f00000, 0x00000000d8980000, 0x0000000100000000)
  eden space 33280K, 0% used [0x00000000d5f00000,0x00000000d5f00000,0x00000000d7f80000)
  from space 5120K, 99% used [0x00000000d8480000,0x00000000d897b010,0x00000000d8980000)
  to   space 5120K, 0% used [0x00000000d7f80000,0x00000000d7f80000,0x00000000d8480000)
 ParOldGen       total 87552K, used 9874K [0x0000000081c00000, 0x0000000087180000, 0x00000000d5f00000)
  object space 87552K, 11% used [0x0000000081c00000,0x00000000825a48d8,0x0000000087180000)
 Metaspace       used 20464K, capacity 21171K, committed 21248K, reserved 1067008K
  class space    used 2804K, capacity 3011K, committed 3072K, reserved 1048576K
Event: 5.378 GC heap after
Heap after GC invocations=3 (full 1):
 PSYoungGen      total 38400K, used 0K [0x00000000d5f00000, 0x00000000d8980000, 0x0000000100000000)
  eden space 33280K, 0% used [0x00000000d5f00000,0x00000000d5f00000,0x00000000d7f80000)
  from space 5120K, 0% used [0x00000000d8480000,0x00000000d8480000,0x00000000d8980000)
  to   space 5120K, 0% used [0x00000000d7f80000,0x00000000d7f80000,0x00000000d8480000)
 ParOldGen       total 75776K, used 9774K [0x0000000081c00000, 0x0000000086600000, 0x00000000d5f00000)
  object space 75776K, 12% used [0x0000000081c00000,0x000000008258b830,0x0000000086600000)
 Metaspace       used 20464K, capacity 21171K, committed 21248K, reserved 1067008K
  class space    used 2804K, capacity 3011K, committed 3072K, reserved 1048576K
}

Deoptimization events (10 events):
Event: 3.539 Thread 0x000000001980a800 Uncommon trap: reason=unstable_if action=reinterpret pc=0x000000000298ed2c method=java.lang.ClassLoader.checkName(Ljava/lang/String;)Z @ 20
Event: 3.549 Thread 0x000000001980a800 Uncommon trap: reason=unstable_if action=reinterpret pc=0x000000000292dec8 method=java.lang.String.regionMatches(ZILjava/lang/String;II)Z @ 123
Event: 4.390 Thread 0x000000001980a800 Uncommon trap: reason=class_check action=maybe_recompile pc=0x0000000002900c8c method=java.util.HashMap.putVal(ILjava/lang/Object;Ljava/lang/Object;ZZ)Ljava/lang/Object; @ 253
Event: 4.390 Thread 0x000000001980a800 Uncommon trap: reason=class_check action=maybe_recompile pc=0x0000000002900c8c method=java.util.HashMap.putVal(ILjava/lang/Object;Ljava/lang/Object;ZZ)Ljava/lang/Object; @ 253
Event: 4.390 Thread 0x000000001980a800 Uncommon trap: reason=class_check action=maybe_recompile pc=0x0000000002900c8c method=java.util.HashMap.putVal(ILjava/lang/Object;Ljava/lang/Object;ZZ)Ljava/lang/Object; @ 253
Event: 4.390 Thread 0x000000001980a800 Uncommon trap: reason=class_check action=maybe_recompile pc=0x0000000002900c8c method=java.util.HashMap.putVal(ILjava/lang/Object;Ljava/lang/Object;ZZ)Ljava/lang/Object; @ 253
Event: 5.381 Thread 0x000000001a89f000 Uncommon trap: reason=unstable_if action=reinterpret pc=0x0000000002b03240 method=java.util.WeakHashMap.expungeStaleEntries()V @ 9
Event: 9.077 Thread 0x000000001a89f000 Uncommon trap: reason=unstable_if action=reinterpret pc=0x0000000002b36a50 method=game.tanki.TankGame.checkCollisions()V @ 71
Event: 9.077 Thread 0x000000001a89f000 Uncommon trap: reason=unstable_if action=reinterpret pc=0x0000000002b2d560 method=game.tanki.TankGame.checkCollisions()V @ 120
Event: 10.449 Thread 0x000000001a89f000 Uncommon trap: reason=unstable_if action=reinterpret pc=0x0000000002b5c538 method=game.tanki.TankGame.checkCollisions()V @ 86

Classes redefined (0 events):
No events

Internal exceptions (10 events):
Event: 1.386 Thread 0x000000001980a800 Exception <a 'java/io/FileNotFoundException'> (0x00000000d7c847f0) thrown at [C:\re\workspace\8-2-build-windows-amd64-cygwin\jdk8u181\11358\hotspot\src\share\vm\prims\jni.cpp, line 709]
Event: 3.533 Thread 0x000000001980a800 Implicit null exception at 0x00000000028e6675 to 0x00000000028e688d
Event: 3.533 Thread 0x000000001980a800 Implicit null exception at 0x0000000002901edb to 0x0000000002902825
Event: 3.534 Thread 0x000000001980a800 Implicit null exception at 0x00000000028e6daf to 0x00000000028e6e19
Event: 4.642 Thread 0x000000001980a800 Exception <a 'java/security/PrivilegedActionException'> (0x00000000d719e4c0) thrown at [C:\re\workspace\8-2-build-windows-amd64-cygwin\jdk8u181\11358\hotspot\src\share\vm\prims\jvm.cpp, line 1435]
Event: 4.643 Thread 0x000000001980a800 Exception <a 'java/security/PrivilegedActionException'> (0x00000000d71a0848) thrown at [C:\re\workspace\8-2-build-windows-amd64-cygwin\jdk8u181\11358\hotspot\src\share\vm\prims\jvm.cpp, line 1435]
Event: 4.643 Thread 0x000000001980a800 Exception <a 'java/security/PrivilegedActionException'> (0x00000000d71a2108) thrown at [C:\re\workspace\8-2-build-windows-amd64-cygwin\jdk8u181\11358\hotspot\src\share\vm\prims\jvm.cpp, line 1435]
Event: 4.643 Thread 0x000000001980a800 Exception <a 'java/security/PrivilegedActionException'> (0x00000000d71a7988) thrown at [C:\re\workspace\8-2-build-windows-amd64-cygwin\jdk8u181\11358\hotspot\src\share\vm\prims\jvm.cpp, line 1435]
Event: 4.643 Thread 0x000000001980a800 Exception <a 'java/security/PrivilegedActionException'> (0x00000000d71a8d80) thrown at [C:\re\workspace\8-2-build-windows-amd64-cygwin\jdk8u181\11358\hotspot\src\share\vm\prims\jvm.cpp, line 1435]
Event: 4.643 Thread 0x000000001980a800 Exception <a 'java/security/PrivilegedActionException'> (0x00000000d71aa148) thrown at [C:\re\workspace\8-2-build-windows-amd64-cygwin\jdk8u181\11358\hotspot\src\share\vm\prims\jvm.cpp, line 1435]

Events (10 events):
Event: 10.865 Thread 0x000000001a89f000 DEOPT PACKING pc=0x0000000002b6ad03 sp=0x000000002ab4f260
Event: 10.865 Thread 0x000000001a89f000 DEOPT UNPACKING pc=0x00000000025f7890 sp=0x000000002ab4efd0 mode 0
Event: 10.965 Thread 0x000000001a89f000 DEOPT PACKING pc=0x0000000002b6ad03 sp=0x000000002ab4f260
Event: 10.965 Thread 0x000000001a89f000 DEOPT UNPACKING pc=0x00000000025f7890 sp=0x000000002ab4efd0 mode 0
Event: 11.498 Thread 0x000000001a89f000 DEOPT PACKING pc=0x0000000002b25535 sp=0x000000002ab4f2a0
Event: 11.498 Thread 0x000000001a89f000 DEOPT UNPACKING pc=0x00000000025f7890 sp=0x000000002ab4efd8 mode 0
Event: 11.498 Thread 0x000000001a89f000 DEOPT PACKING pc=0x0000000002b25b1c sp=0x000000002ab4f2f0
Event: 11.498 Thread 0x000000001a89f000 DEOPT UNPACKING pc=0x00000000025f7890 sp=0x000000002ab4f038 mode 0
Event: 14.297 loading class clientUI/ApplicationUI$1
Event: 14.297 loading class clientUI/ApplicationUI$1 done


Dynamic libraries:
0x00007ff71eb60000 - 0x00007ff71eb97000 	C:\Program Files\Java\jdk1.8.0\bin\java.exe
0x00007ffd8fac0000 - 0x00007ffd8fcb0000 	C:\Windows\SYSTEM32\ntdll.dll
0x00007ffd8db70000 - 0x00007ffd8dc22000 	C:\Windows\System32\KERNEL32.DLL
0x00007ffd8d7b0000 - 0x00007ffd8da55000 	C:\Windows\System32\KERNELBASE.dll
0x00007ffd8e170000 - 0x00007ffd8e213000 	C:\Windows\System32\ADVAPI32.dll
0x00007ffd8f600000 - 0x00007ffd8f69e000 	C:\Windows\System32\msvcrt.dll
0x00007ffd8de60000 - 0x00007ffd8def7000 	C:\Windows\System32\sechost.dll
0x00007ffd8ed90000 - 0x00007ffd8eeb0000 	C:\Windows\System32\RPCRT4.dll
0x00007ffd8dfd0000 - 0x00007ffd8e164000 	C:\Windows\System32\USER32.dll
0x00007ffd8ca80000 - 0x00007ffd8caa1000 	C:\Windows\System32\win32u.dll
0x00007ffd8e5c0000 - 0x00007ffd8e5e6000 	C:\Windows\System32\GDI32.dll
0x00007ffd8d390000 - 0x00007ffd8d526000 	C:\Windows\System32\gdi32full.dll
0x00007ffd8d530000 - 0x00007ffd8d5ce000 	C:\Windows\System32\msvcp_win.dll
0x00007ffd8d290000 - 0x00007ffd8d38a000 	C:\Windows\System32\ucrtbase.dll
0x00007ffd7cf40000 - 0x00007ffd7d1c4000 	C:\Windows\WinSxS\amd64_microsoft.windows.common-controls_6595b64144ccf1df_6.0.18362.1256_none_9e7e379be45e40e2\COMCTL32.dll
0x00007ffd8e220000 - 0x00007ffd8e556000 	C:\Windows\System32\combase.dll
0x00007ffd8d720000 - 0x00007ffd8d7a1000 	C:\Windows\System32\bcryptPrimitives.dll
0x00007ffd8e870000 - 0x00007ffd8e89e000 	C:\Windows\System32\IMM32.DLL
0x000000006c220000 - 0x000000006c2f2000 	C:\Program Files\Java\jdk1.8.0\jre\bin\msvcr100.dll
0x000000006b670000 - 0x000000006bf12000 	C:\Program Files\Java\jdk1.8.0\jre\bin\server\jvm.dll
0x00007ffd8e680000 - 0x00007ffd8e688000 	C:\Windows\System32\PSAPI.DLL
0x00007ffd87980000 - 0x00007ffd87989000 	C:\Windows\SYSTEM32\WSOCK32.dll
0x00007ffd8f6a0000 - 0x00007ffd8f70f000 	C:\Windows\System32\WS2_32.dll
0x00007ffd8a0a0000 - 0x00007ffd8a0c4000 	C:\Windows\SYSTEM32\WINMM.dll
0x00007ffd7f360000 - 0x00007ffd7f36a000 	C:\Windows\SYSTEM32\VERSION.dll
0x00007ffd8a070000 - 0x00007ffd8a09d000 	C:\Windows\SYSTEM32\WINMMBASE.dll
0x00007ffd8cab0000 - 0x00007ffd8cafa000 	C:\Windows\System32\cfgmgr32.dll
0x000000006c210000 - 0x000000006c21f000 	C:\Program Files\Java\jdk1.8.0\jre\bin\verify.dll
0x000000006c1e0000 - 0x000000006c209000 	C:\Program Files\Java\jdk1.8.0\jre\bin\java.dll
0x000000006c1c0000 - 0x000000006c1d6000 	C:\Program Files\Java\jdk1.8.0\jre\bin\zip.dll
0x00007ffd8eeb0000 - 0x00007ffd8f597000 	C:\Windows\System32\SHELL32.dll
0x00007ffd8e6f0000 - 0x00007ffd8e799000 	C:\Windows\System32\shcore.dll
0x00007ffd8cb00000 - 0x00007ffd8d281000 	C:\Windows\System32\windows.storage.dll
0x00007ffd8c9e0000 - 0x00007ffd8ca03000 	C:\Windows\System32\profapi.dll
0x00007ffd8c970000 - 0x00007ffd8c9ba000 	C:\Windows\System32\powrprof.dll
0x00007ffd8c960000 - 0x00007ffd8c970000 	C:\Windows\System32\UMPDC.dll
0x00007ffd8f5a0000 - 0x00007ffd8f5f2000 	C:\Windows\System32\shlwapi.dll
0x00007ffd8c9c0000 - 0x00007ffd8c9d1000 	C:\Windows\System32\kernel.appcore.dll
0x00007ffd8ca60000 - 0x00007ffd8ca77000 	C:\Windows\System32\cryptsp.dll
0x0000000002490000 - 0x0000000002493000 	C:\Program Files\Java\jdk1.8.0\jre\bin\api-ms-win-core-console-l1-1-0.dll
0x000000001a230000 - 0x000000001a233000 	C:\Program Files\Java\jdk1.8.0\jre\bin\api-ms-win-core-datetime-l1-1-0.dll
0x000000001a240000 - 0x000000001a243000 	C:\Program Files\Java\jdk1.8.0\jre\bin\api-ms-win-core-debug-l1-1-0.dll
0x000000001a250000 - 0x000000001a253000 	C:\Program Files\Java\jdk1.8.0\jre\bin\api-ms-win-core-errorhandling-l1-1-0.dll
0x000000001a260000 - 0x000000001a264000 	C:\Program Files\Java\jdk1.8.0\jre\bin\api-ms-win-core-file-l1-1-0.dll
0x000000001a270000 - 0x000000001a273000 	C:\Program Files\Java\jdk1.8.0\jre\bin\api-ms-win-core-file-l1-2-0.dll
0x000000001a280000 - 0x000000001a283000 	C:\Program Files\Java\jdk1.8.0\jre\bin\api-ms-win-core-file-l2-1-0.dll
0x000000001a290000 - 0x000000001a293000 	C:\Program Files\Java\jdk1.8.0\jre\bin\api-ms-win-core-handle-l1-1-0.dll
0x000000001a2a0000 - 0x000000001a2a3000 	C:\Program Files\Java\jdk1.8.0\jre\bin\api-ms-win-core-heap-l1-1-0.dll
0x000000001a2b0000 - 0x000000001a2b3000 	C:\Program Files\Java\jdk1.8.0\jre\bin\api-ms-win-core-interlocked-l1-1-0.dll
0x000000001a2c0000 - 0x000000001a2c3000 	C:\Program Files\Java\jdk1.8.0\jre\bin\api-ms-win-core-libraryloader-l1-1-0.dll
0x000000001a2d0000 - 0x000000001a2d3000 	C:\Program Files\Java\jdk1.8.0\jre\bin\api-ms-win-core-localization-l1-2-0.dll
0x000000001a2e0000 - 0x000000001a2e3000 	C:\Program Files\Java\jdk1.8.0\jre\bin\api-ms-win-core-memory-l1-1-0.dll
0x000000001a2f0000 - 0x000000001a2f3000 	C:\Program Files\Java\jdk1.8.0\jre\bin\api-ms-win-core-namedpipe-l1-1-0.dll
0x000000001a300000 - 0x000000001a303000 	C:\Program Files\Java\jdk1.8.0\jre\bin\api-ms-win-core-processenvironment-l1-1-0.dll
0x000000001a310000 - 0x000000001a313000 	C:\Program Files\Java\jdk1.8.0\jre\bin\api-ms-win-core-processthreads-l1-1-0.dll
0x000000001a320000 - 0x000000001a323000 	C:\Program Files\Java\jdk1.8.0\jre\bin\api-ms-win-core-processthreads-l1-1-1.dll
0x000000001a330000 - 0x000000001a333000 	C:\Program Files\Java\jdk1.8.0\jre\bin\api-ms-win-core-profile-l1-1-0.dll
0x000000001a340000 - 0x000000001a343000 	C:\Program Files\Java\jdk1.8.0\jre\bin\api-ms-win-core-rtlsupport-l1-1-0.dll
0x000000001a350000 - 0x000000001a353000 	C:\Program Files\Java\jdk1.8.0\jre\bin\api-ms-win-core-string-l1-1-0.dll
0x000000001a360000 - 0x000000001a363000 	C:\Program Files\Java\jdk1.8.0\jre\bin\api-ms-win-core-synch-l1-1-0.dll
0x000000001a370000 - 0x000000001a373000 	C:\Program Files\Java\jdk1.8.0\jre\bin\api-ms-win-core-synch-l1-2-0.dll
0x000000001a380000 - 0x000000001a383000 	C:\Program Files\Java\jdk1.8.0\jre\bin\api-ms-win-core-sysinfo-l1-1-0.dll
0x000000001a390000 - 0x000000001a393000 	C:\Program Files\Java\jdk1.8.0\jre\bin\api-ms-win-core-timezone-l1-1-0.dll
0x000000001a3a0000 - 0x000000001a3a3000 	C:\Program Files\Java\jdk1.8.0\jre\bin\api-ms-win-core-util-l1-1-0.dll
0x000000001a3b0000 - 0x000000001a3b3000 	C:\Program Files\Java\jdk1.8.0\jre\bin\api-ms-win-crt-conio-l1-1-0.dll
0x000000001a3c0000 - 0x000000001a3c4000 	C:\Program Files\Java\jdk1.8.0\jre\bin\api-ms-win-crt-convert-l1-1-0.dll
0x000000001a3d0000 - 0x000000001a3d3000 	C:\Program Files\Java\jdk1.8.0\jre\bin\api-ms-win-crt-environment-l1-1-0.dll
0x000000001a3e0000 - 0x000000001a3e3000 	C:\Program Files\Java\jdk1.8.0\jre\bin\api-ms-win-crt-filesystem-l1-1-0.dll
0x000000001a3f0000 - 0x000000001a3f3000 	C:\Program Files\Java\jdk1.8.0\jre\bin\api-ms-win-crt-heap-l1-1-0.dll
0x000000001a400000 - 0x000000001a403000 	C:\Program Files\Java\jdk1.8.0\jre\bin\api-ms-win-crt-locale-l1-1-0.dll
0x000000001a410000 - 0x000000001a415000 	C:\Program Files\Java\jdk1.8.0\jre\bin\api-ms-win-crt-math-l1-1-0.dll
0x000000001a420000 - 0x000000001a425000 	C:\Program Files\Java\jdk1.8.0\jre\bin\api-ms-win-crt-multibyte-l1-1-0.dll
0x000000001a430000 - 0x000000001a440000 	C:\Program Files\Java\jdk1.8.0\jre\bin\api-ms-win-crt-private-l1-1-0.dll
0x000000001a440000 - 0x000000001a443000 	C:\Program Files\Java\jdk1.8.0\jre\bin\api-ms-win-crt-process-l1-1-0.dll
0x000000001a450000 - 0x000000001a454000 	C:\Program Files\Java\jdk1.8.0\jre\bin\api-ms-win-crt-runtime-l1-1-0.dll
0x000000001a460000 - 0x000000001a464000 	C:\Program Files\Java\jdk1.8.0\jre\bin\api-ms-win-crt-stdio-l1-1-0.dll
0x000000001a470000 - 0x000000001a474000 	C:\Program Files\Java\jdk1.8.0\jre\bin\api-ms-win-crt-string-l1-1-0.dll
0x000000001a480000 - 0x000000001a483000 	C:\Program Files\Java\jdk1.8.0\jre\bin\api-ms-win-crt-time-l1-1-0.dll
0x000000001a490000 - 0x000000001a493000 	C:\Program Files\Java\jdk1.8.0\jre\bin\api-ms-win-crt-utility-l1-1-0.dll
0x00007ffd68530000 - 0x00007ffd68626000 	C:\Program Files\Java\jdk1.8.0\jre\bin\ucrtbase.dll
0x00007ffd88d70000 - 0x00007ffd88d86000 	C:\Program Files\Java\jdk1.8.0\jre\bin\vcruntime140.dll
0x00007ffd73370000 - 0x00007ffd7340c000 	C:\Program Files\Java\jdk1.8.0\jre\bin\msvcp140.dll
0x00007ffd78f60000 - 0x00007ffd78fb1000 	C:\Program Files\Java\jdk1.8.0\jre\bin\concrt140.dll
0x000000006c140000 - 0x000000006c163000 	C:\Program Files\Java\jdk1.8.0\jre\bin\prism_d3d.dll
0x00007ffd7c280000 - 0x00007ffd7c447000 	C:\Windows\system32\d3d9.dll
0x00007ffd8b0d0000 - 0x00007ffd8b0fd000 	C:\Windows\SYSTEM32\dwmapi.dll
0x00007ffd8b5a0000 - 0x00007ffd8b5c0000 	C:\Windows\SYSTEM32\dxcore.dll
0x00007ffd8a990000 - 0x00007ffd8aa29000 	C:\Windows\system32\uxtheme.dll
0x00007ffd8ca30000 - 0x00007ffd8ca56000 	C:\Windows\System32\bcrypt.dll
0x00007ffd8ca10000 - 0x00007ffd8ca22000 	C:\Windows\System32\msasn1.dll
0x00007ffd7f330000 - 0x00007ffd7f35f000 	C:\Windows\SYSTEM32\cryptnet.dll
0x00007ffd8d5d0000 - 0x00007ffd8d719000 	C:\Windows\System32\CRYPT32.dll
0x00007ffd8c380000 - 0x00007ffd8c38c000 	C:\Windows\SYSTEM32\cryptbase.dll
0x00007ffd8db10000 - 0x00007ffd8db6c000 	C:\Windows\System32\WINTRUST.DLL
0x00007ffd8dd90000 - 0x00007ffd8ddad000 	C:\Windows\System32\imagehlp.dll
0x00007ffd8bd20000 - 0x00007ffd8bd53000 	C:\Windows\system32\rsaenh.dll
0x000000006c0f0000 - 0x000000006c139000 	C:\Program Files\Java\jdk1.8.0\jre\bin\glass.dll
0x00007ffd8df00000 - 0x00007ffd8dfd0000 	C:\Windows\System32\COMDLG32.dll
0x00007ffd8dc30000 - 0x00007ffd8dd87000 	C:\Windows\System32\ole32.dll
0x00007ffd8e7a0000 - 0x00007ffd8e865000 	C:\Windows\System32\OLEAUT32.dll
0x00007ffd8f710000 - 0x00007ffd8f845000 	C:\Windows\System32\MSCTF.dll
0x00007ffd34990000 - 0x00007ffd34c49000 	C:\Windows\system32\nvspcap64.dll
0x00007ffd8b9a0000 - 0x00007ffd8b9d1000 	C:\Windows\SYSTEM32\ntmarta.dll
0x00007ffd8b550000 - 0x00007ffd8b572000 	C:\Windows\SYSTEM32\gpapi.dll
0x00007ffd8e920000 - 0x00007ffd8ed90000 	C:\Windows\System32\SETUPAPI.dll
0x000000006c070000 - 0x000000006c0e4000 	C:\Program Files\Java\jdk1.8.0\jre\bin\glib-lite.dll
0x000000006bfd0000 - 0x000000006c06c000 	C:\Program Files\Java\jdk1.8.0\jre\bin\gstreamer-lite.dll
0x00007ffd78fc0000 - 0x00007ffd79059000 	C:\Windows\SYSTEM32\DSOUND.dll
0x000000006bfa0000 - 0x000000006bfc6000 	C:\Program Files\Java\jdk1.8.0\jre\bin\jfxmedia.dll
0x000000006c1a0000 - 0x000000006c1ba000 	C:\Program Files\Java\jdk1.8.0\jre\bin\net.dll
0x00007ffd8c1b0000 - 0x00007ffd8c217000 	C:\Windows\system32\mswsock.dll
0x000000006c180000 - 0x000000006c191000 	C:\Program Files\Java\jdk1.8.0\jre\bin\nio.dll
0x00007ffd8c840000 - 0x00007ffd8c877000 	C:\Windows\SYSTEM32\SspiCli.dll
0x000000006bf60000 - 0x000000006bf91000 	C:\Program Files\Java\jdk1.8.0\jre\bin\fxplugins.dll
0x00007ffd8ddb0000 - 0x00007ffd8de52000 	C:\Windows\System32\clbcatq.dll
0x00007ffd86020000 - 0x00007ffd86092000 	C:\Windows\System32\MMDevApi.dll
0x00007ffd8c750000 - 0x00007ffd8c77a000 	C:\Windows\System32\DEVOBJ.dll
0x00007ffd861e0000 - 0x00007ffd8633d000 	C:\Windows\SYSTEM32\AUDIOSES.DLL
0x00007ffd88120000 - 0x00007ffd88273000 	C:\Windows\SYSTEM32\wintypes.dll
0x00007ffd8afe0000 - 0x00007ffd8aff4000 	C:\Windows\SYSTEM32\resourcepolicyclient.dll
0x00007ffd79670000 - 0x00007ffd7969a000 	C:\Windows\System32\qasf.dll
0x00007ffd87870000 - 0x00007ffd8787b000 	C:\Windows\System32\msdmo.dll
0x00007ffd3ad30000 - 0x00007ffd3af82000 	C:\Windows\System32\WMVCore.DLL
0x00007ffd67050000 - 0x00007ffd670a4000 	C:\Windows\System32\WMASF.DLL
0x00007ffd358e0000 - 0x00007ffd35a0d000 	C:\Windows\System32\mfperfhelper.dll
0x00007ffd79540000 - 0x00007ffd7955c000 	C:\Windows\System32\mp3dmod.dll
0x00007ffd86410000 - 0x00007ffd8660a000 	C:\Windows\SYSTEM32\mfplat.DLL
0x00007ffd863c0000 - 0x00007ffd863ef000 	C:\Windows\SYSTEM32\RTWorkQ.DLL

VM Arguments:
jvm_args: -Dfile.encoding=windows-1251 -Duser.country=RU -Duser.language=ru -Duser.variant 
java_command: clientUI.ApplicationUI
java_class_path (initial): D:\JavaProjects\SecondSemesterWorkInfo\core\build\classes\java\main;D:\JavaProjects\SecondSemesterWorkInfo\core\build\resources\main;C:\Users\Ural\.gradle\caches\modules-2\files-2.1\com.badlogicgames.gdx\gdx-freetype\1.9.12\7e2432000d80a8bbedd2de656f7b060bf1c01f7f\gdx-freetype-1.9.12.jar;C:\Users\Ural\.gradle\caches\modules-2\files-2.1\com.badlogicgames.gdx\gdx-backend-lwjgl\1.9.12\82ff0003171e3e0df9a12c8f86d264a88afb112\gdx-backend-lwjgl-1.9.12.jar;C:\Users\Ural\.gradle\caches\modules-2\files-2.1\com.badlogicgames.gdx\gdx\1.9.12\e2d132e76ef94b27d309ab0ea9fe06a8e2d0a80\gdx-1.9.12.jar;C:\Users\Ural\.gradle\caches\modules-2\files-2.1\com.badlogicgames.gdx\gdx-platform\1.9.12\6b5da746f38d84818fe376f57f6b5cf93a39f75b\gdx-platform-1.9.12-natives-desktop.jar;C:\Users\Ural\.gradle\caches\modules-2\files-2.1\com.badlogicgames.gdx\gdx-freetype-platform\1.9.12\d7dbccdb8a12233aba7ede3ba2898f1ea9b65fa8\gdx-freetype-platform-1.9.12-natives-desktop.jar;C:\Users\Ural\.gradle\caches\modules-2\files-2.1\org.lwjgl.lwjgl\lwjgl_util\2.9.3\751f06b62424da056954c67288fd5c494431e350\lwjgl_util-2.9.3.jar;C:\Users\Ural\.m2\repository\org\lwjgl\lwjgl\lwjgl\2.9.3\lwjgl-2.9.3.jar;C:\Users\Ural\.gradle\caches\modules-2\files-2.1\com.badlogicgames.jlayer\jlayer\1.0.1-gdx\7cca83cec5c1b2f011362f4d85aabd71a73b049d\jlayer-1.0.1-gdx.jar;C:\Users\Ural\.m2\repository\org\jcraft\jorbis\0.0.17\jorbis-0.0.17.jar;C:\Users\Ural\.m2\repository\org\lwjgl\lwjgl\lwjgl-platform\2.9.3\lwjgl-platform-2.9.3-natives-windows.jar;C:\Users\Ural\.m2\repository\org\lwjgl\lwjgl\lwjgl-platform\2.9.3\lwjgl-platform-2.9.3-natives-linux.jar;C:\Users\Ural\.m2\repository\org\lwjgl\lwjgl\lwjgl-platform\2.9.3\lwjgl-platform-2.9.3-natives-osx.jar;C:\Users\Ural\.m2\repository\net\java\jinput\jinput\2.0.5\jinput-2.0.5.jar;C:\Users\Ural\.m2\repository\net\java\jutils\jutils\1.0.0\jutils-1.0.0.jar;C:\Users\Ural\.m2\repository\net\java\jinput\jinput-platform\2.0.5\jinput-platform-2.0.5-natives-linux.jar;C:\U
Launcher Type: SUN_STANDARD

Environment Variables:
JAVA_HOME=C:\Program Files\Java\jdk1.8.0;
JRE_HOME=C:\Program Files\Java\jre1.8.0_241
CLASSPATH=.;
PATH=% JAVA_HOME% \ bin;C:\Windows\system32;C:\Windows;C:\Windows\System32\Wbem;C:\Windows\System32\WindowsPowerShell\v1.0\;C:\Windows\System32\OpenSSH\;C:\Program Files (x86)\NVIDIA Corporation\PhysX\Common;C:\Program Files\NVIDIA Corporation\NVIDIA NvDLISR;D:\Git\cmd;C:\Program Files\Git\cmd;D:\Programs\Brackets\command;C:\Program Files\Java\jdk1.8.0\bin;
USERNAME=Ural
OS=Windows_NT
PROCESSOR_IDENTIFIER=Intel64 Family 6 Model 158 Stepping 10, GenuineIntel



---------------  S Y S T E M  ---------------

OS: Windows 10.0 , 64 bit Build 18362 (10.0.18362.1110)

CPU:total 8 (initial active 8) (4 cores per cpu, 2 threads per core) family 6 model 158 stepping 10, cmov, cx8, fxsr, mmx, sse, sse2, sse3, ssse3, sse4.1, sse4.2, popcnt, avx, avx2, aes, clmul, erms, 3dnowpref, lzcnt, ht, tsc, tscinvbit, bmi1, bmi2, adx

Memory: 4k page, physical 8265972k(1361588k free), swap 23994612k(9265148k free)

vm_info: Java HotSpot(TM) 64-Bit Server VM (25.181-b13) for windows-amd64 JRE (1.8.0_181-b13), built on Jul  7 2018 04:01:33 by "java_re" with MS VC++ 10.0 (VS2010)

time: Sat Dec 19 16:55:59 2020
elapsed time: 14 seconds (0d 0h 0m 14s)

