#
# A fatal error has been detected by the Java Runtime Environment:
#
#  EXCEPTION_ACCESS_VIOLATION (0xc0000005) at pc=0x00007ffd8f6747b4, pid=8168, tid=0x0000000000004a70
#
# JRE version: Java(TM) SE Runtime Environment (8.0_181-b13) (build 1.8.0_181-b13)
# Java VM: Java HotSpot(TM) 64-Bit Server VM (25.181-b13 mixed mode windows-amd64 compressed oops)
# Problematic frame:
# C  [msvcrt.dll+0x747b4]
#
# Failed to write core dump. Minidumps are not enabled by default on client versions of Windows
#
# If you would like to submit a bug report, please visit:
#   http://bugreport.java.com/bugreport/crash.jsp
# The crash happened outside the Java Virtual Machine in native code.
# See problematic frame for where to report the bug.
#

---------------  T H R E A D  ---------------

Current thread (0x0000000019667800):  JavaThread "LWJGL Application" [_thread_in_native, id=19056, stack(0x000000002ac50000,0x000000002ad50000)]

siginfo: ExceptionCode=0xc0000005, writing address 0x000000001fca6000

Registers:
RAX=0x00000000d6056140, RBX=0x00000000196679f8, RCX=0x000000001fca6010, RDX=0x00000000b63b01d0
RSP=0x000000002ad4ea58, RBP=0x000000002ad4eb78, RSI=0x000000000000003c, RDI=0x0000000000000000
R8 =0x0000000000000010, R9 =0x0000000000000003, R10=0x000000000000000c, R11=0x000000001fca5f70
R12=0x00000000d6056140, R13=0x000000001fca5f70, R14=0x000000002ad4eb78, R15=0x0000000019667800
RIP=0x00007ffd8f6747b4, EFLAGS=0x0000000000010202

Top of Stack: (sp=0x000000002ad4ea58)
0x000000002ad4ea58:   0000000065ac20f4 00000000196679f8
0x000000002ad4ea68:   000000002ad4eb78 000000000000003c
0x000000002ad4ea78:   000000001a62ecc0 00000000d610bcf0
0x000000002ad4ea88:   000000002a7177e8 0000000000000128
0x000000002ad4ea98:   00000000027a835d 000000002ad4eb40
0x000000002ad4eaa8:   0000000000000000 000000002a7177e8
0x000000002ad4eab8:   00000000027b8c67 000000003f4c0000
0x000000002ad4eac8:   00000000027b91c6 000000002a30f6f0
0x000000002ad4ead8:   000000002ad4eb18 000000000000003c
0x000000002ad4eae8:   0000000000000000 00007ffd25c4dcc0
0x000000002ad4eaf8:   0000000000000000 000000002ad4eb00
0x000000002ad4eb08:   0000000000000000 000000002ad4eb78
0x000000002ad4eb18:   000000002a718860 0000000000000000
0x000000002ad4eb28:   000000002a7177e8 0000000000000000
0x000000002ad4eb38:   000000002ad4eb60 000000002ad4ebc0
0x000000002ad4eb48:   00000000027a835d 00000000d5f97e88 

Instructions: (pc=0x00007ffd8f6747b4)
0x00007ffd8f674794:   00 00 0f 87 76 00 00 00 49 83 e0 1f f3 0f 6f 04
0x00007ffd8f6747a4:   11 f3 0f 6f 4c 11 10 48 83 c1 20 66 0f 7f 41 e0
0x00007ffd8f6747b4:   66 0f 7f 49 f0 49 ff c9 75 e2 e9 4f ff ff ff 66
0x00007ffd8f6747c4:   66 66 66 66 66 66 0f 1f 84 00 00 00 00 00 66 66 


Register to memory mapping:

RAX=0x00000000d6056140 is an oop

[error occurred during error reporting (printing register info), id 0xc0000005]

Stack: [0x000000002ac50000,0x000000002ad50000],  sp=0x000000002ad4ea58,  free space=1018k
Native frames: (J=compiled Java code, j=interpreted, Vv=VM code, C=native code)
C  [msvcrt.dll+0x747b4]
C  0x0000000065ac20f4
C  0x00000000027b8c67

Java frames: (J=compiled Java code, j=interpreted, Vv=VM code)
j  com.badlogic.gdx.utils.BufferUtils.copyJni([FLjava/nio/Buffer;II)V+0
j  com.badlogic.gdx.utils.BufferUtils.copy([FLjava/nio/Buffer;II)V+35
j  com.badlogic.gdx.graphics.glutils.VertexArray.setVertices([FII)V+7
j  com.badlogic.gdx.graphics.Mesh.setVertices([FII)Lcom/badlogic/gdx/graphics/Mesh;+7
j  com.badlogic.gdx.graphics.g2d.SpriteBatch.flush()V+76
j  com.badlogic.gdx.graphics.g2d.SpriteBatch.end()V+25
j  game.tanki.TankGame.render()V+82
j  com.badlogic.gdx.backends.lwjgl.LwjglApplication.mainLoop()V+776
j  com.badlogic.gdx.backends.lwjgl.LwjglApplication$1.run()V+27
v  ~StubRoutines::call_stub

---------------  P R O C E S S  ---------------

Java Threads: ( => current thread )
  0x0000000019665800 JavaThread "LWJGL Timer" daemon [_thread_blocked, id=19884, stack(0x0000000024e80000,0x0000000024f80000)]
  0x0000000019668000 JavaThread "DestroyJavaVM" [_thread_blocked, id=5624, stack(0x00000000025a0000,0x00000000026a0000)]
=>0x0000000019667800 JavaThread "LWJGL Application" [_thread_in_native, id=19056, stack(0x000000002ac50000,0x000000002ad50000)]
  0x000000001a9f9800 JavaThread "Media Resource Disposer" daemon [_thread_blocked, id=5424, stack(0x0000000029370000,0x0000000029470000)]
  0x000000001a88f000 JavaThread "Prism Font Disposer" daemon [_thread_blocked, id=17720, stack(0x0000000028a70000,0x0000000028b70000)]
  0x000000001a638800 JavaThread "Thread-9" [_thread_blocked, id=15292, stack(0x0000000025180000,0x0000000025280000)]
  0x000000001a566000 JavaThread "Thread-2" daemon [_thread_in_native, id=140, stack(0x0000000024450000,0x0000000024550000)]
  0x000000001a4cb000 JavaThread "Thread-1" daemon [_thread_blocked, id=18132, stack(0x000000001b8c0000,0x000000001b9c0000)]
  0x00000000196f1800 JavaThread "Service Thread" daemon [_thread_blocked, id=13344, stack(0x000000001a230000,0x000000001a330000)]
  0x0000000019666800 JavaThread "C1 CompilerThread3" daemon [_thread_blocked, id=19724, stack(0x000000001a130000,0x000000001a230000)]
  0x000000001965f000 JavaThread "C2 CompilerThread2" daemon [_thread_blocked, id=7488, stack(0x000000001a030000,0x000000001a130000)]
  0x0000000019655800 JavaThread "C2 CompilerThread1" daemon [_thread_blocked, id=2832, stack(0x0000000019f30000,0x000000001a030000)]
  0x0000000019651800 JavaThread "C2 CompilerThread0" daemon [_thread_blocked, id=16064, stack(0x0000000019e30000,0x0000000019f30000)]
  0x0000000019650000 JavaThread "Attach Listener" daemon [_thread_blocked, id=19828, stack(0x0000000019d30000,0x0000000019e30000)]
  0x000000001964f000 JavaThread "Signal Dispatcher" daemon [_thread_blocked, id=4868, stack(0x0000000019c30000,0x0000000019d30000)]
  0x0000000019640800 JavaThread "Finalizer" daemon [_thread_blocked, id=15328, stack(0x0000000019a20000,0x0000000019b20000)]
  0x0000000002799000 JavaThread "Reference Handler" daemon [_thread_blocked, id=18416, stack(0x0000000019520000,0x0000000019620000)]

Other Threads:
  0x0000000017749000 VMThread [stack: 0x0000000019420000,0x0000000019520000] [id=7460]
  0x000000001970d000 WatcherThread [stack: 0x000000001a330000,0x000000001a430000] [id=14764]

VM state:not at safepoint (normal execution)

VM Mutex/Monitor currently owned by a thread: None

Heap:
 PSYoungGen      total 38400K, used 2449K [0x00000000d5f00000, 0x00000000d8980000, 0x0000000100000000)
  eden space 33280K, 7% used [0x00000000d5f00000,0x00000000d61644f0,0x00000000d7f80000)
  from space 5120K, 0% used [0x00000000d8480000,0x00000000d8480000,0x00000000d8980000)
  to   space 5120K, 0% used [0x00000000d7f80000,0x00000000d7f80000,0x00000000d8480000)
 ParOldGen       total 53248K, used 9942K [0x0000000081c00000, 0x0000000085000000, 0x00000000d5f00000)
  object space 53248K, 18% used [0x0000000081c00000,0x00000000825b5828,0x0000000085000000)
 Metaspace       used 21038K, capacity 21761K, committed 22016K, reserved 1069056K
  class space    used 2837K, capacity 3034K, committed 3072K, reserved 1048576K

Card table byte_map: [0x0000000011b60000,0x0000000011f60000] byte_map_base: 0x0000000011752000

Marking Bits: (ParMarkBitMap*) 0x000000006be92d00
 Begin Bits: [0x0000000012a10000, 0x00000000149a0000)
 End Bits:   [0x00000000149a0000, 0x0000000016930000)

Polling page: 0x0000000000d60000

CodeCache: size=245760Kb used=5807Kb max_used=5817Kb free=239952Kb
 bounds [0x00000000027a0000, 0x0000000002d60000, 0x00000000117a0000]
 total_blobs=2698 nmethods=1902 adapters=708
 compilation: enabled

Compilation events (10 events):
Event: 10.232 Thread 0x0000000019666800 1898       1       game.tanki.TankGame::getPlayer (5 bytes)
Event: 10.232 Thread 0x0000000019666800 nmethod 1898 0x0000000002d4cad0 code [0x0000000002d4cc20, 0x0000000002d4cd30]
Event: 10.232 Thread 0x0000000019666800 1899       1       game.tanki.units.Tank::getPosition (5 bytes)
Event: 10.232 Thread 0x0000000019666800 nmethod 1899 0x0000000002d4cd90 code [0x0000000002d4cee0, 0x0000000002d4cff0]
Event: 10.232 Thread 0x0000000019666800 1900       1       java.nio.DirectShortBufferU::isDirect (2 bytes)
Event: 10.233 Thread 0x0000000019666800 nmethod 1900 0x0000000002d4d050 code [0x0000000002d4d1a0, 0x0000000002d4d2b0]
Event: 10.298 Thread 0x0000000019651800 1901       4       org.lwjgl.opengl.Sync$RunningAvg::avg (37 bytes)
Event: 10.300 Thread 0x0000000019651800 nmethod 1901 0x0000000002d50050 code [0x0000000002d50180, 0x0000000002d502b8]
Event: 10.330 Thread 0x0000000019666800 1902       3       org.lwjgl.opengl.WindowsKeyboard::isKeyDown (16 bytes)
Event: 10.330 Thread 0x0000000019666800 nmethod 1902 0x0000000002d4fc10 code [0x0000000002d4fd80, 0x0000000002d4ff50]

GC Heap History (6 events):
Event: 0.962 GC heap before
{Heap before GC invocations=1 (full 0):
 PSYoungGen      total 38400K, used 33280K [0x00000000d5f00000, 0x00000000d8980000, 0x0000000100000000)
  eden space 33280K, 100% used [0x00000000d5f00000,0x00000000d7f80000,0x00000000d7f80000)
  from space 5120K, 0% used [0x00000000d8480000,0x00000000d8480000,0x00000000d8980000)
  to   space 5120K, 0% used [0x00000000d7f80000,0x00000000d7f80000,0x00000000d8480000)
 ParOldGen       total 87552K, used 0K [0x0000000081c00000, 0x0000000087180000, 0x00000000d5f00000)
  object space 87552K, 0% used [0x0000000081c00000,0x0000000081c00000,0x0000000087180000)
 Metaspace       used 14231K, capacity 14736K, committed 14976K, reserved 1062912K
  class space    used 1898K, capacity 2053K, committed 2176K, reserved 1048576K
Event: 0.965 GC heap after
Heap after GC invocations=1 (full 0):
 PSYoungGen      total 38400K, used 5100K [0x00000000d5f00000, 0x00000000d8980000, 0x0000000100000000)
  eden space 33280K, 0% used [0x00000000d5f00000,0x00000000d5f00000,0x00000000d7f80000)
  from space 5120K, 99% used [0x00000000d7f80000,0x00000000d847b030,0x00000000d8480000)
  to   space 5120K, 0% used [0x00000000d8480000,0x00000000d8480000,0x00000000d8980000)
 ParOldGen       total 87552K, used 1766K [0x0000000081c00000, 0x0000000087180000, 0x00000000d5f00000)
  object space 87552K, 2% used [0x0000000081c00000,0x0000000081db9a40,0x0000000087180000)
 Metaspace       used 14231K, capacity 14736K, committed 14976K, reserved 1062912K
  class space    used 1898K, capacity 2053K, committed 2176K, reserved 1048576K
}
Event: 7.068 GC heap before
{Heap before GC invocations=2 (full 0):
 PSYoungGen      total 38400K, used 30107K [0x00000000d5f00000, 0x00000000d8980000, 0x0000000100000000)
  eden space 33280K, 75% used [0x00000000d5f00000,0x00000000d776be30,0x00000000d7f80000)
  from space 5120K, 99% used [0x00000000d7f80000,0x00000000d847b030,0x00000000d8480000)
  to   space 5120K, 0% used [0x00000000d8480000,0x00000000d8480000,0x00000000d8980000)
 ParOldGen       total 87552K, used 1766K [0x0000000081c00000, 0x0000000087180000, 0x00000000d5f00000)
  object space 87552K, 2% used [0x0000000081c00000,0x0000000081db9a40,0x0000000087180000)
 Metaspace       used 20410K, capacity 21153K, committed 21248K, reserved 1067008K
  class space    used 2794K, capacity 3002K, committed 3072K, reserved 1048576K
Event: 7.076 GC heap after
Heap after GC invocations=2 (full 0):
 PSYoungGen      total 38400K, used 5116K [0x00000000d5f00000, 0x00000000d8980000, 0x0000000100000000)
  eden space 33280K, 0% used [0x00000000d5f00000,0x00000000d5f00000,0x00000000d7f80000)
  from space 5120K, 99% used [0x00000000d8480000,0x00000000d897f040,0x00000000d8980000)
  to   space 5120K, 0% used [0x00000000d7f80000,0x00000000d7f80000,0x00000000d8480000)
 ParOldGen       total 87552K, used 9733K [0x0000000081c00000, 0x0000000087180000, 0x00000000d5f00000)
  object space 87552K, 11% used [0x0000000081c00000,0x0000000082581500,0x0000000087180000)
 Metaspace       used 20410K, capacity 21153K, committed 21248K, reserved 1067008K
  class space    used 2794K, capacity 3002K, committed 3072K, reserved 1048576K
}
Event: 7.077 GC heap before
{Heap before GC invocations=3 (full 1):
 PSYoungGen      total 38400K, used 5116K [0x00000000d5f00000, 0x00000000d8980000, 0x0000000100000000)
  eden space 33280K, 0% used [0x00000000d5f00000,0x00000000d5f00000,0x00000000d7f80000)
  from space 5120K, 99% used [0x00000000d8480000,0x00000000d897f040,0x00000000d8980000)
  to   space 5120K, 0% used [0x00000000d7f80000,0x00000000d7f80000,0x00000000d8480000)
 ParOldGen       total 87552K, used 9733K [0x0000000081c00000, 0x0000000087180000, 0x00000000d5f00000)
  object space 87552K, 11% used [0x0000000081c00000,0x0000000082581500,0x0000000087180000)
 Metaspace       used 20410K, capacity 21153K, committed 21248K, reserved 1067008K
  class space    used 2794K, capacity 3002K, committed 3072K, reserved 1048576K
Event: 7.112 GC heap after
Heap after GC invocations=3 (full 1):
 PSYoungGen      total 38400K, used 0K [0x00000000d5f00000, 0x00000000d8980000, 0x0000000100000000)
  eden space 33280K, 0% used [0x00000000d5f00000,0x00000000d5f00000,0x00000000d7f80000)
  from space 5120K, 0% used [0x00000000d8480000,0x00000000d8480000,0x00000000d8980000)
  to   space 5120K, 0% used [0x00000000d7f80000,0x00000000d7f80000,0x00000000d8480000)
 ParOldGen       total 53248K, used 9942K [0x0000000081c00000, 0x0000000085000000, 0x00000000d5f00000)
  object space 53248K, 18% used [0x0000000081c00000,0x00000000825b5828,0x0000000085000000)
 Metaspace       used 20410K, capacity 21153K, committed 21248K, reserved 1067008K
  class space    used 2794K, capacity 3002K, committed 3072K, reserved 1048576K
}

Deoptimization events (10 events):
Event: 3.887 Thread 0x000000001a4cc800 Uncommon trap: reason=unstable_if action=reinterpret pc=0x0000000002ac7428 method=jdk.internal.org.objectweb.asm.Type.getArgumentsAndReturnSizes(Ljava/lang/String;)I @ 47
Event: 3.990 Thread 0x000000001a4cc800 Uncommon trap: reason=unstable_if action=reinterpret pc=0x0000000002acdd54 method=java.util.HashMap.hash(Ljava/lang/Object;)I @ 1
Event: 3.990 Thread 0x000000001a4cc800 Uncommon trap: reason=unstable_if action=reinterpret pc=0x0000000002af6d80 method=java.util.HashMap.hash(Ljava/lang/Object;)I @ 1
Event: 3.990 Thread 0x000000001a4cc800 Uncommon trap: reason=unstable_if action=reinterpret pc=0x0000000002ae50e8 method=java.util.HashMap.hash(Ljava/lang/Object;)I @ 1
Event: 3.997 Thread 0x000000001a4cc800 Uncommon trap: reason=unstable_if action=reinterpret pc=0x0000000002b8126c method=java.lang.ClassLoader.checkName(Ljava/lang/String;)Z @ 20
Event: 4.012 Thread 0x000000001a4cc800 Uncommon trap: reason=unstable_if action=reinterpret pc=0x0000000002b225fc method=java.lang.String.regionMatches(ZILjava/lang/String;II)Z @ 123
Event: 5.572 Thread 0x000000001a4cc800 Uncommon trap: reason=class_check action=maybe_recompile pc=0x0000000002af0b0c method=java.util.HashMap.putVal(ILjava/lang/Object;Ljava/lang/Object;ZZ)Ljava/lang/Object; @ 253
Event: 5.572 Thread 0x000000001a4cc800 Uncommon trap: reason=class_check action=maybe_recompile pc=0x0000000002af0b0c method=java.util.HashMap.putVal(ILjava/lang/Object;Ljava/lang/Object;ZZ)Ljava/lang/Object; @ 253
Event: 5.572 Thread 0x000000001a4cc800 Uncommon trap: reason=class_check action=maybe_recompile pc=0x0000000002af0b0c method=java.util.HashMap.putVal(ILjava/lang/Object;Ljava/lang/Object;ZZ)Ljava/lang/Object; @ 253
Event: 5.572 Thread 0x000000001a4cc800 Uncommon trap: reason=class_check action=maybe_recompile pc=0x0000000002af0b0c method=java.util.HashMap.putVal(ILjava/lang/Object;Ljava/lang/Object;ZZ)Ljava/lang/Object; @ 253

Classes redefined (0 events):
No events

Internal exceptions (10 events):
Event: 0.869 Thread 0x000000001a4cc800 Exception <a 'java/io/FileNotFoundException'> (0x00000000d7c84a20) thrown at [C:\re\workspace\8-2-build-windows-amd64-cygwin\jdk8u181\11358\hotspot\src\share\vm\prims\jni.cpp, line 709]
Event: 3.990 Thread 0x000000001a4cc800 Implicit null exception at 0x0000000002acdb35 to 0x0000000002acdd45
Event: 3.990 Thread 0x000000001a4cc800 Implicit null exception at 0x0000000002af641b to 0x0000000002af6d65
Event: 3.990 Thread 0x000000001a4cc800 Implicit null exception at 0x0000000002ae506f to 0x0000000002ae50d9
Event: 5.993 Thread 0x000000001a4cc800 Exception <a 'java/security/PrivilegedActionException'> (0x00000000d720e630) thrown at [C:\re\workspace\8-2-build-windows-amd64-cygwin\jdk8u181\11358\hotspot\src\share\vm\prims\jvm.cpp, line 1435]
Event: 5.993 Thread 0x000000001a4cc800 Exception <a 'java/security/PrivilegedActionException'> (0x00000000d72109b8) thrown at [C:\re\workspace\8-2-build-windows-amd64-cygwin\jdk8u181\11358\hotspot\src\share\vm\prims\jvm.cpp, line 1435]
Event: 5.993 Thread 0x000000001a4cc800 Exception <a 'java/security/PrivilegedActionException'> (0x00000000d7212278) thrown at [C:\re\workspace\8-2-build-windows-amd64-cygwin\jdk8u181\11358\hotspot\src\share\vm\prims\jvm.cpp, line 1435]
Event: 5.994 Thread 0x000000001a4cc800 Exception <a 'java/security/PrivilegedActionException'> (0x00000000d7217af8) thrown at [C:\re\workspace\8-2-build-windows-amd64-cygwin\jdk8u181\11358\hotspot\src\share\vm\prims\jvm.cpp, line 1435]
Event: 5.994 Thread 0x000000001a4cc800 Exception <a 'java/security/PrivilegedActionException'> (0x00000000d7218ef0) thrown at [C:\re\workspace\8-2-build-windows-amd64-cygwin\jdk8u181\11358\hotspot\src\share\vm\prims\jvm.cpp, line 1435]
Event: 5.994 Thread 0x000000001a4cc800 Exception <a 'java/security/PrivilegedActionException'> (0x00000000d721a2b8) thrown at [C:\re\workspace\8-2-build-windows-amd64-cygwin\jdk8u181\11358\hotspot\src\share\vm\prims\jvm.cpp, line 1435]

Events (10 events):
Event: 7.184 loading class org/lwjgl/opengl/Sync$RunningAvg done
Event: 7.184 loading class org/lwjgl/opengl/Sync$1
Event: 7.184 loading class org/lwjgl/opengl/Sync$1 done
Event: 7.184 Thread 0x0000000019665800 Thread added: 0x0000000019665800
Event: 8.930 loading class org/lwjgl/opengl/WindowsKeycodes
Event: 8.930 loading class org/lwjgl/opengl/WindowsKeycodes done
Event: 8.931 loading class com/badlogic/gdx/backends/lwjgl/DefaultLwjglInput$KeyEvent
Event: 8.931 loading class com/badlogic/gdx/backends/lwjgl/DefaultLwjglInput$KeyEvent done
Event: 10.663 loading class clientUI/ApplicationUI$1
Event: 10.663 loading class clientUI/ApplicationUI$1 done


Dynamic libraries:
0x00007ff71eb60000 - 0x00007ff71eb97000 	C:\Program Files\Java\jdk1.8.0\bin\java.exe
0x00007ffd8fac0000 - 0x00007ffd8fcb0000 	C:\Windows\SYSTEM32\ntdll.dll
0x00007ffd8db70000 - 0x00007ffd8dc22000 	C:\Windows\System32\KERNEL32.DLL
0x00007ffd8d7b0000 - 0x00007ffd8da55000 	C:\Windows\System32\KERNELBASE.dll
0x00007ffd8e170000 - 0x00007ffd8e213000 	C:\Windows\System32\ADVAPI32.dll
0x00007ffd8f600000 - 0x00007ffd8f69e000 	C:\Windows\System32\msvcrt.dll
0x00007ffd8de60000 - 0x00007ffd8def7000 	C:\Windows\System32\sechost.dll
0x00007ffd8ed90000 - 0x00007ffd8eeb0000 	C:\Windows\System32\RPCRT4.dll
0x00007ffd8dfd0000 - 0x00007ffd8e164000 	C:\Windows\System32\USER32.dll
0x00007ffd8ca80000 - 0x00007ffd8caa1000 	C:\Windows\System32\win32u.dll
0x00007ffd8e5c0000 - 0x00007ffd8e5e6000 	C:\Windows\System32\GDI32.dll
0x00007ffd8d390000 - 0x00007ffd8d526000 	C:\Windows\System32\gdi32full.dll
0x00007ffd8d530000 - 0x00007ffd8d5ce000 	C:\Windows\System32\msvcp_win.dll
0x00007ffd8d290000 - 0x00007ffd8d38a000 	C:\Windows\System32\ucrtbase.dll
0x00007ffd7cf40000 - 0x00007ffd7d1c4000 	C:\Windows\WinSxS\amd64_microsoft.windows.common-controls_6595b64144ccf1df_6.0.18362.1256_none_9e7e379be45e40e2\COMCTL32.dll
0x00007ffd8e220000 - 0x00007ffd8e556000 	C:\Windows\System32\combase.dll
0x00007ffd8d720000 - 0x00007ffd8d7a1000 	C:\Windows\System32\bcryptPrimitives.dll
0x00007ffd8e870000 - 0x00007ffd8e89e000 	C:\Windows\System32\IMM32.DLL
0x000000006c220000 - 0x000000006c2f2000 	C:\Program Files\Java\jdk1.8.0\jre\bin\msvcr100.dll
0x000000006b670000 - 0x000000006bf12000 	C:\Program Files\Java\jdk1.8.0\jre\bin\server\jvm.dll
0x00007ffd8e680000 - 0x00007ffd8e688000 	C:\Windows\System32\PSAPI.DLL
0x00007ffd8a0a0000 - 0x00007ffd8a0c4000 	C:\Windows\SYSTEM32\WINMM.dll
0x00007ffd7f360000 - 0x00007ffd7f36a000 	C:\Windows\SYSTEM32\VERSION.dll
0x00007ffd87980000 - 0x00007ffd87989000 	C:\Windows\SYSTEM32\WSOCK32.dll
0x00007ffd8f6a0000 - 0x00007ffd8f70f000 	C:\Windows\System32\WS2_32.dll
0x00007ffd8a070000 - 0x00007ffd8a09d000 	C:\Windows\SYSTEM32\winmmbase.dll
0x00007ffd8cab0000 - 0x00007ffd8cafa000 	C:\Windows\System32\cfgmgr32.dll
0x000000006c210000 - 0x000000006c21f000 	C:\Program Files\Java\jdk1.8.0\jre\bin\verify.dll
0x000000006c1e0000 - 0x000000006c209000 	C:\Program Files\Java\jdk1.8.0\jre\bin\java.dll
0x000000006c1c0000 - 0x000000006c1d6000 	C:\Program Files\Java\jdk1.8.0\jre\bin\zip.dll
0x00007ffd8eeb0000 - 0x00007ffd8f597000 	C:\Windows\System32\SHELL32.dll
0x00007ffd8e6f0000 - 0x00007ffd8e799000 	C:\Windows\System32\shcore.dll
0x00007ffd8cb00000 - 0x00007ffd8d281000 	C:\Windows\System32\windows.storage.dll
0x00007ffd8c9e0000 - 0x00007ffd8ca03000 	C:\Windows\System32\profapi.dll
0x00007ffd8c970000 - 0x00007ffd8c9ba000 	C:\Windows\System32\powrprof.dll
0x00007ffd8c960000 - 0x00007ffd8c970000 	C:\Windows\System32\UMPDC.dll
0x00007ffd8f5a0000 - 0x00007ffd8f5f2000 	C:\Windows\System32\shlwapi.dll
0x00007ffd8c9c0000 - 0x00007ffd8c9d1000 	C:\Windows\System32\kernel.appcore.dll
0x00007ffd8ca60000 - 0x00007ffd8ca77000 	C:\Windows\System32\cryptsp.dll
0x000000001ac30000 - 0x000000001ac33000 	C:\Program Files\Java\jdk1.8.0\jre\bin\api-ms-win-core-console-l1-1-0.dll
0x000000001ac40000 - 0x000000001ac43000 	C:\Program Files\Java\jdk1.8.0\jre\bin\api-ms-win-core-datetime-l1-1-0.dll
0x000000001ac50000 - 0x000000001ac53000 	C:\Program Files\Java\jdk1.8.0\jre\bin\api-ms-win-core-debug-l1-1-0.dll
0x000000001ac60000 - 0x000000001ac63000 	C:\Program Files\Java\jdk1.8.0\jre\bin\api-ms-win-core-errorhandling-l1-1-0.dll
0x000000001ac70000 - 0x000000001ac74000 	C:\Program Files\Java\jdk1.8.0\jre\bin\api-ms-win-core-file-l1-1-0.dll
0x000000001ac80000 - 0x000000001ac83000 	C:\Program Files\Java\jdk1.8.0\jre\bin\api-ms-win-core-file-l1-2-0.dll
0x000000001ac90000 - 0x000000001ac93000 	C:\Program Files\Java\jdk1.8.0\jre\bin\api-ms-win-core-file-l2-1-0.dll
0x000000001aca0000 - 0x000000001aca3000 	C:\Program Files\Java\jdk1.8.0\jre\bin\api-ms-win-core-handle-l1-1-0.dll
0x000000001acb0000 - 0x000000001acb3000 	C:\Program Files\Java\jdk1.8.0\jre\bin\api-ms-win-core-heap-l1-1-0.dll
0x000000001acc0000 - 0x000000001acc3000 	C:\Program Files\Java\jdk1.8.0\jre\bin\api-ms-win-core-interlocked-l1-1-0.dll
0x000000001acd0000 - 0x000000001acd3000 	C:\Program Files\Java\jdk1.8.0\jre\bin\api-ms-win-core-libraryloader-l1-1-0.dll
0x000000001ace0000 - 0x000000001ace3000 	C:\Program Files\Java\jdk1.8.0\jre\bin\api-ms-win-core-localization-l1-2-0.dll
0x000000001acf0000 - 0x000000001acf3000 	C:\Program Files\Java\jdk1.8.0\jre\bin\api-ms-win-core-memory-l1-1-0.dll
0x000000001ad00000 - 0x000000001ad03000 	C:\Program Files\Java\jdk1.8.0\jre\bin\api-ms-win-core-namedpipe-l1-1-0.dll
0x000000001ad10000 - 0x000000001ad13000 	C:\Program Files\Java\jdk1.8.0\jre\bin\api-ms-win-core-processenvironment-l1-1-0.dll
0x000000001ad20000 - 0x000000001ad23000 	C:\Program Files\Java\jdk1.8.0\jre\bin\api-ms-win-core-processthreads-l1-1-0.dll
0x000000001ad30000 - 0x000000001ad33000 	C:\Program Files\Java\jdk1.8.0\jre\bin\api-ms-win-core-processthreads-l1-1-1.dll
0x000000001ad40000 - 0x000000001ad43000 	C:\Program Files\Java\jdk1.8.0\jre\bin\api-ms-win-core-profile-l1-1-0.dll
0x000000001ad50000 - 0x000000001ad53000 	C:\Program Files\Java\jdk1.8.0\jre\bin\api-ms-win-core-rtlsupport-l1-1-0.dll
0x000000001ad60000 - 0x000000001ad63000 	C:\Program Files\Java\jdk1.8.0\jre\bin\api-ms-win-core-string-l1-1-0.dll
0x000000001ad70000 - 0x000000001ad73000 	C:\Program Files\Java\jdk1.8.0\jre\bin\api-ms-win-core-synch-l1-1-0.dll
0x000000001ad80000 - 0x000000001ad83000 	C:\Program Files\Java\jdk1.8.0\jre\bin\api-ms-win-core-synch-l1-2-0.dll
0x000000001ad90000 - 0x000000001ad93000 	C:\Program Files\Java\jdk1.8.0\jre\bin\api-ms-win-core-sysinfo-l1-1-0.dll
0x000000001ada0000 - 0x000000001ada3000 	C:\Program Files\Java\jdk1.8.0\jre\bin\api-ms-win-core-timezone-l1-1-0.dll
0x000000001adb0000 - 0x000000001adb3000 	C:\Program Files\Java\jdk1.8.0\jre\bin\api-ms-win-core-util-l1-1-0.dll
0x000000001adc0000 - 0x000000001adc3000 	C:\Program Files\Java\jdk1.8.0\jre\bin\api-ms-win-crt-conio-l1-1-0.dll
0x000000001add0000 - 0x000000001add4000 	C:\Program Files\Java\jdk1.8.0\jre\bin\api-ms-win-crt-convert-l1-1-0.dll
0x000000001ade0000 - 0x000000001ade3000 	C:\Program Files\Java\jdk1.8.0\jre\bin\api-ms-win-crt-environment-l1-1-0.dll
0x000000001adf0000 - 0x000000001adf3000 	C:\Program Files\Java\jdk1.8.0\jre\bin\api-ms-win-crt-filesystem-l1-1-0.dll
0x000000001ae00000 - 0x000000001ae03000 	C:\Program Files\Java\jdk1.8.0\jre\bin\api-ms-win-crt-heap-l1-1-0.dll
0x000000001ae10000 - 0x000000001ae13000 	C:\Program Files\Java\jdk1.8.0\jre\bin\api-ms-win-crt-locale-l1-1-0.dll
0x000000001ae20000 - 0x000000001ae25000 	C:\Program Files\Java\jdk1.8.0\jre\bin\api-ms-win-crt-math-l1-1-0.dll
0x000000001ae30000 - 0x000000001ae35000 	C:\Program Files\Java\jdk1.8.0\jre\bin\api-ms-win-crt-multibyte-l1-1-0.dll
0x000000001ae40000 - 0x000000001ae50000 	C:\Program Files\Java\jdk1.8.0\jre\bin\api-ms-win-crt-private-l1-1-0.dll
0x000000001ae50000 - 0x000000001ae53000 	C:\Program Files\Java\jdk1.8.0\jre\bin\api-ms-win-crt-process-l1-1-0.dll
0x000000001ae60000 - 0x000000001ae64000 	C:\Program Files\Java\jdk1.8.0\jre\bin\api-ms-win-crt-runtime-l1-1-0.dll
0x000000001ae70000 - 0x000000001ae74000 	C:\Program Files\Java\jdk1.8.0\jre\bin\api-ms-win-crt-stdio-l1-1-0.dll
0x000000001ae80000 - 0x000000001ae84000 	C:\Program Files\Java\jdk1.8.0\jre\bin\api-ms-win-crt-string-l1-1-0.dll
0x000000001ae90000 - 0x000000001ae93000 	C:\Program Files\Java\jdk1.8.0\jre\bin\api-ms-win-crt-time-l1-1-0.dll
0x000000001aea0000 - 0x000000001aea3000 	C:\Program Files\Java\jdk1.8.0\jre\bin\api-ms-win-crt-utility-l1-1-0.dll
0x00007ffd68530000 - 0x00007ffd68626000 	C:\Program Files\Java\jdk1.8.0\jre\bin\ucrtbase.dll
0x00007ffd88d70000 - 0x00007ffd88d86000 	C:\Program Files\Java\jdk1.8.0\jre\bin\vcruntime140.dll
0x00007ffd73370000 - 0x00007ffd7340c000 	C:\Program Files\Java\jdk1.8.0\jre\bin\msvcp140.dll
0x00007ffd78f60000 - 0x00007ffd78fb1000 	C:\Program Files\Java\jdk1.8.0\jre\bin\concrt140.dll
0x000000006c140000 - 0x000000006c163000 	C:\Program Files\Java\jdk1.8.0\jre\bin\prism_d3d.dll
0x00007ffd7c280000 - 0x00007ffd7c447000 	C:\Windows\system32\d3d9.dll
0x00007ffd8b0d0000 - 0x00007ffd8b0fd000 	C:\Windows\SYSTEM32\dwmapi.dll
0x00007ffd8b5a0000 - 0x00007ffd8b5c0000 	C:\Windows\SYSTEM32\dxcore.dll
0x00007ffd8a990000 - 0x00007ffd8aa29000 	C:\Windows\system32\uxtheme.dll
0x00007ffd8ca30000 - 0x00007ffd8ca56000 	C:\Windows\System32\bcrypt.dll
0x00007ffd8ca10000 - 0x00007ffd8ca22000 	C:\Windows\System32\msasn1.dll
0x00007ffd7f330000 - 0x00007ffd7f35f000 	C:\Windows\SYSTEM32\cryptnet.dll
0x00007ffd8d5d0000 - 0x00007ffd8d719000 	C:\Windows\System32\CRYPT32.dll
0x00007ffd8c380000 - 0x00007ffd8c38c000 	C:\Windows\SYSTEM32\cryptbase.dll
0x00007ffd8db10000 - 0x00007ffd8db6c000 	C:\Windows\System32\WINTRUST.DLL
0x00007ffd8dd90000 - 0x00007ffd8ddad000 	C:\Windows\System32\imagehlp.dll
0x00007ffd8bd20000 - 0x00007ffd8bd53000 	C:\Windows\system32\rsaenh.dll
0x000000006c0f0000 - 0x000000006c139000 	C:\Program Files\Java\jdk1.8.0\jre\bin\glass.dll
0x00007ffd8df00000 - 0x00007ffd8dfd0000 	C:\Windows\System32\COMDLG32.dll
0x00007ffd8dc30000 - 0x00007ffd8dd87000 	C:\Windows\System32\ole32.dll
0x00007ffd8e7a0000 - 0x00007ffd8e865000 	C:\Windows\System32\OLEAUT32.dll
0x00007ffd8f710000 - 0x00007ffd8f845000 	C:\Windows\System32\MSCTF.dll
0x00007ffd34990000 - 0x00007ffd34c49000 	C:\Windows\system32\nvspcap64.dll
0x00007ffd8b9a0000 - 0x00007ffd8b9d1000 	C:\Windows\SYSTEM32\ntmarta.dll
0x00007ffd8b550000 - 0x00007ffd8b572000 	C:\Windows\SYSTEM32\gpapi.dll
0x00007ffd8e920000 - 0x00007ffd8ed90000 	C:\Windows\System32\SETUPAPI.dll
0x000000006c070000 - 0x000000006c0e4000 	C:\Program Files\Java\jdk1.8.0\jre\bin\glib-lite.dll
0x000000006bfd0000 - 0x000000006c06c000 	C:\Program Files\Java\jdk1.8.0\jre\bin\gstreamer-lite.dll
0x00007ffd78fc0000 - 0x00007ffd79059000 	C:\Windows\SYSTEM32\DSOUND.dll
0x000000006bfa0000 - 0x000000006bfc6000 	C:\Program Files\Java\jdk1.8.0\jre\bin\jfxmedia.dll
0x000000006c1a0000 - 0x000000006c1ba000 	C:\Program Files\Java\jdk1.8.0\jre\bin\net.dll
0x00007ffd8c1b0000 - 0x00007ffd8c217000 	C:\Windows\system32\mswsock.dll
0x000000006c180000 - 0x000000006c191000 	C:\Program Files\Java\jdk1.8.0\jre\bin\nio.dll
0x00007ffd8c840000 - 0x00007ffd8c877000 	C:\Windows\SYSTEM32\SspiCli.dll
0x000000006bf60000 - 0x000000006bf91000 	C:\Program Files\Java\jdk1.8.0\jre\bin\fxplugins.dll
0x00007ffd8ddb0000 - 0x00007ffd8de52000 	C:\Windows\System32\clbcatq.dll
0x00007ffd86020000 - 0x00007ffd86092000 	C:\Windows\System32\MMDevApi.dll
0x00007ffd8c750000 - 0x00007ffd8c77a000 	C:\Windows\System32\DEVOBJ.dll
0x00007ffd861e0000 - 0x00007ffd8633d000 	C:\Windows\SYSTEM32\AUDIOSES.DLL
0x00007ffd88120000 - 0x00007ffd88273000 	C:\Windows\SYSTEM32\wintypes.dll
0x00007ffd8afe0000 - 0x00007ffd8aff4000 	C:\Windows\SYSTEM32\resourcepolicyclient.dll
0x00007ffd79670000 - 0x00007ffd7969a000 	C:\Windows\System32\qasf.dll
0x00007ffd87870000 - 0x00007ffd8787b000 	C:\Windows\System32\msdmo.dll
0x00007ffd3ad30000 - 0x00007ffd3af82000 	C:\Windows\System32\WMVCore.DLL
0x00007ffd67050000 - 0x00007ffd670a4000 	C:\Windows\System32\WMASF.DLL
0x00007ffd358e0000 - 0x00007ffd35a0d000 	C:\Windows\System32\mfperfhelper.dll
0x00007ffd79540000 - 0x00007ffd7955c000 	C:\Windows\System32\mp3dmod.dll
0x00007ffd86410000 - 0x00007ffd8660a000 	C:\Windows\SYSTEM32\mfplat.DLL
0x00007ffd863c0000 - 0x00007ffd863ef000 	C:\Windows\SYSTEM32\RTWorkQ.DLL

VM Arguments:
jvm_args: -Dfile.encoding=windows-1251 -Duser.country=RU -Duser.language=ru -Duser.variant 
java_command: clientUI.ApplicationUI
java_class_path (initial): D:\JavaProjects\SecondSemesterWorkInfo\core\build\classes\java\main;D:\JavaProjects\SecondSemesterWorkInfo\core\build\resources\main;C:\Users\Ural\.gradle\caches\modules-2\files-2.1\com.badlogicgames.gdx\gdx-freetype\1.9.12\7e2432000d80a8bbedd2de656f7b060bf1c01f7f\gdx-freetype-1.9.12.jar;C:\Users\Ural\.gradle\caches\modules-2\files-2.1\com.badlogicgames.gdx\gdx-backend-lwjgl\1.9.12\82ff0003171e3e0df9a12c8f86d264a88afb112\gdx-backend-lwjgl-1.9.12.jar;C:\Users\Ural\.gradle\caches\modules-2\files-2.1\com.badlogicgames.gdx\gdx\1.9.12\e2d132e76ef94b27d309ab0ea9fe06a8e2d0a80\gdx-1.9.12.jar;C:\Users\Ural\.gradle\caches\modules-2\files-2.1\com.badlogicgames.gdx\gdx-platform\1.9.12\6b5da746f38d84818fe376f57f6b5cf93a39f75b\gdx-platform-1.9.12-natives-desktop.jar;C:\Users\Ural\.gradle\caches\modules-2\files-2.1\com.badlogicgames.gdx\gdx-freetype-platform\1.9.12\d7dbccdb8a12233aba7ede3ba2898f1ea9b65fa8\gdx-freetype-platform-1.9.12-natives-desktop.jar;C:\Users\Ural\.gradle\caches\modules-2\files-2.1\org.lwjgl.lwjgl\lwjgl_util\2.9.3\751f06b62424da056954c67288fd5c494431e350\lwjgl_util-2.9.3.jar;C:\Users\Ural\.m2\repository\org\lwjgl\lwjgl\lwjgl\2.9.3\lwjgl-2.9.3.jar;C:\Users\Ural\.gradle\caches\modules-2\files-2.1\com.badlogicgames.jlayer\jlayer\1.0.1-gdx\7cca83cec5c1b2f011362f4d85aabd71a73b049d\jlayer-1.0.1-gdx.jar;C:\Users\Ural\.m2\repository\org\jcraft\jorbis\0.0.17\jorbis-0.0.17.jar;C:\Users\Ural\.m2\repository\org\lwjgl\lwjgl\lwjgl-platform\2.9.3\lwjgl-platform-2.9.3-natives-windows.jar;C:\Users\Ural\.m2\repository\org\lwjgl\lwjgl\lwjgl-platform\2.9.3\lwjgl-platform-2.9.3-natives-linux.jar;C:\Users\Ural\.m2\repository\org\lwjgl\lwjgl\lwjgl-platform\2.9.3\lwjgl-platform-2.9.3-natives-osx.jar;C:\Users\Ural\.m2\repository\net\java\jinput\jinput\2.0.5\jinput-2.0.5.jar;C:\Users\Ural\.m2\repository\net\java\jutils\jutils\1.0.0\jutils-1.0.0.jar;C:\Users\Ural\.m2\repository\net\java\jinput\jinput-platform\2.0.5\jinput-platform-2.0.5-natives-linux.jar;C:\U
Launcher Type: SUN_STANDARD

Environment Variables:
JAVA_HOME=C:\Program Files\Java\jdk1.8.0;
JRE_HOME=C:\Program Files\Java\jre1.8.0_241
CLASSPATH=.;
PATH=% JAVA_HOME% \ bin;C:\Windows\system32;C:\Windows;C:\Windows\System32\Wbem;C:\Windows\System32\WindowsPowerShell\v1.0\;C:\Windows\System32\OpenSSH\;C:\Program Files (x86)\NVIDIA Corporation\PhysX\Common;C:\Program Files\NVIDIA Corporation\NVIDIA NvDLISR;D:\Git\cmd;C:\Program Files\Git\cmd;D:\Programs\Brackets\command;C:\Program Files\Java\jdk1.8.0\bin;
USERNAME=Ural
OS=Windows_NT
PROCESSOR_IDENTIFIER=Intel64 Family 6 Model 158 Stepping 10, GenuineIntel



---------------  S Y S T E M  ---------------

OS: Windows 10.0 , 64 bit Build 18362 (10.0.18362.1110)

CPU:total 8 (initial active 8) (4 cores per cpu, 2 threads per core) family 6 model 158 stepping 10, cmov, cx8, fxsr, mmx, sse, sse2, sse3, ssse3, sse4.1, sse4.2, popcnt, avx, avx2, aes, clmul, erms, 3dnowpref, lzcnt, ht, tsc, tscinvbit, bmi1, bmi2, adx

Memory: 4k page, physical 8265972k(1411280k free), swap 23994612k(9398636k free)

vm_info: Java HotSpot(TM) 64-Bit Server VM (25.181-b13) for windows-amd64 JRE (1.8.0_181-b13), built on Jul  7 2018 04:01:33 by "java_re" with MS VC++ 10.0 (VS2010)

time: Sat Dec 19 16:52:59 2020
elapsed time: 10 seconds (0d 0h 0m 10s)

