#
# A fatal error has been detected by the Java Runtime Environment:
#
#  EXCEPTION_ACCESS_VIOLATION (0xc0000005) at pc=0x00007ff8dee54f60, pid=18200, tid=0x0000000000003c9c
#
# JRE version: Java(TM) SE Runtime Environment (8.0_181-b13) (build 1.8.0_181-b13)
# Java VM: Java HotSpot(TM) 64-Bit Server VM (25.181-b13 mixed mode windows-amd64 compressed oops)
# Problematic frame:
# C  0x00007ff8dee54f60
#
# Failed to write core dump. Minidumps are not enabled by default on client versions of Windows
#
# If you would like to submit a bug report, please visit:
#   http://bugreport.java.com/bugreport/crash.jsp
# The crash happened outside the Java Virtual Machine in native code.
# See problematic frame for where to report the bug.
#

---------------  T H R E A D  ---------------

Current thread (0x000000002052c000):  JavaThread "LWJGL Application" [_thread_in_native, id=15516, stack(0x000000002dde0000,0x000000002dee0000)]

siginfo: ExceptionCode=0xc0000005, reading address 0x0000000025793004

Registers:
RAX=0x00000000ffffffff, RBX=0x0000000000ecdad0, RCX=0x0000000022ee0bfc, RDX=0x0000000025793004
RSP=0x000000002dedbab8, RBP=0x000000002dedbbc0, RSI=0x000000002528eb60, RDI=0x0000000028e051c0
R8 =0x000000000000666a, R9 =0x0000000000000014, R10=0x00007ff8de440000, R11=0x0000000000000000
R12=0x0000000022ee0920, R13=0x0000000000000920, R14=0x00000000257921b8, R15=0x0000000000019c84
RIP=0x00007ff8dee54f60, EFLAGS=0x0000000000010206

Top of Stack: (sp=0x000000002dedbab8)
0x000000002dedbab8:   00007ff8dece244a 0000000000ecdad0
0x000000002dedbac8:   0000000000000006 0000000000000002
0x000000002dedbad8:   0000000028e3ce10 0000000000e78860
0x000000002dedbae8:   00007ff961d095f1 0000000000e70001
0x000000002dedbaf8:   00000000810051d0 0000000000000000
0x000000002dedbb08:   0000000100000001 0000000054010000
0x000000002dedbb18:   0000000000000002 000000002dedc520
0x000000002dedbb28:   0000010000000014 0000000000000000
0x000000002dedbb38:   0000672100000001 0000000028e3007e
0x000000002dedbb48:   0000000000e70000 0000000000000000
0x000000002dedbb58:   00000000251c2fc0 0000000000000000
0x000000002dedbb68:   0000000028e300b0 0000000000000000
0x000000002dedbb78:   0000000000000001 0000000028fc1410
0x000000002dedbb88:   0000000028fd7980 0000000000000000
0x000000002dedbb98:   000000000000004c 0000000028e051c0
0x000000002dedbba8:   0000000022280450 0000042028ce4e01 

Instructions: (pc=0x00007ff8dee54f60)
0x00007ff8dee54f40:   cc cc cc cc cc cc cc cc cc cc cc cc cc cc cc cc
0x00007ff8dee54f50:   45 85 c0 74 1c 45 8b c9 45 8b c0 0f 1f 44 00 00
0x00007ff8dee54f60:   8b 02 49 03 d1 89 01 48 8d 49 04 49 83 e8 01 75
0x00007ff8dee54f70:   ef c3 cc cc cc cc cc cc cc cc cc cc cc cc cc cc 


Register to memory mapping:

RAX=0x00000000ffffffff is an unknown value
RBX=0x0000000000ecdad0 is an unknown value
RCX=0x0000000022ee0bfc is an unknown value
RDX=0x0000000025793004 is an unknown value
RSP=0x000000002dedbab8 is pointing into the stack for thread: 0x000000002052c000
RBP=0x000000002dedbbc0 is pointing into the stack for thread: 0x000000002052c000
RSI=0x000000002528eb60 is an unknown value
RDI=0x0000000028e051c0 is an unknown value
R8 =0x000000000000666a is an unknown value
R9 =0x0000000000000014 is an unknown value
R10=0x00007ff8de440000 is an unknown value
R11=0x0000000000000000 is an unknown value
R12=0x0000000022ee0920 is an unknown value
R13=0x0000000000000920 is an unknown value
R14=0x00000000257921b8 is an unknown value
R15=0x0000000000019c84 is an unknown value


Stack: [0x000000002dde0000,0x000000002dee0000],  sp=0x000000002dedbab8,  free space=1006k
Native frames: (J=compiled Java code, j=interpreted, Vv=VM code, C=native code)
C  0x00007ff8dee54f60

Java frames: (J=compiled Java code, j=interpreted, Vv=VM code)
j  org.lwjgl.opengl.GL11.nglDrawElements(IIIJJ)V+0
j  org.lwjgl.opengl.GL11.glDrawElements(ILjava/nio/ShortBuffer;)V+34
j  com.badlogic.gdx.backends.lwjgl.LwjglGL20.glDrawElements(IIILjava/nio/Buffer;)V+21
j  com.badlogic.gdx.graphics.Mesh.render(Lcom/badlogic/gdx/graphics/glutils/ShaderProgram;IIIZ)V+88
j  com.badlogic.gdx.graphics.Mesh.render(Lcom/badlogic/gdx/graphics/glutils/ShaderProgram;III)V+10
j  com.badlogic.gdx.graphics.g2d.SpriteBatch.flush()V+184
j  com.badlogic.gdx.graphics.g2d.SpriteBatch.end()V+25
j  game.tanki.TankGame.render()V+82
j  com.badlogic.gdx.backends.lwjgl.LwjglApplication.mainLoop()V+776
j  com.badlogic.gdx.backends.lwjgl.LwjglApplication$1.run()V+27
v  ~StubRoutines::call_stub

---------------  P R O C E S S  ---------------

Java Threads: ( => current thread )
  0x0000000020530800 JavaThread "LWJGL Timer" daemon [_thread_blocked, id=17660, stack(0x0000000025950000,0x0000000025a50000)]
  0x000000002052c800 JavaThread "DestroyJavaVM" [_thread_blocked, id=17404, stack(0x0000000002c20000,0x0000000002d20000)]
=>0x000000002052c000 JavaThread "LWJGL Application" [_thread_in_native, id=15516, stack(0x000000002dde0000,0x000000002dee0000)]
  0x0000000020532000 JavaThread "Media Resource Disposer" daemon [_thread_blocked, id=10372, stack(0x000000002ac20000,0x000000002ad20000)]
  0x0000000020274800 JavaThread "Prism Font Disposer" daemon [_thread_blocked, id=5408, stack(0x000000002a320000,0x000000002a420000)]
  0x000000001ffd7800 JavaThread "Thread-9" [_thread_blocked, id=17008, stack(0x0000000026590000,0x0000000026690000)]
  0x000000001ff22000 JavaThread "Thread-2" daemon [_thread_in_native, id=9520, stack(0x0000000025850000,0x0000000025950000)]
  0x000000001fe5d000 JavaThread "Thread-1" daemon [_thread_blocked, id=19336, stack(0x0000000020a80000,0x0000000020b80000)]
  0x000000001e1e5800 JavaThread "Service Thread" daemon [_thread_blocked, id=10612, stack(0x000000001fba0000,0x000000001fca0000)]
  0x000000001e15b000 JavaThread "C1 CompilerThread3" daemon [_thread_blocked, id=7604, stack(0x000000001faa0000,0x000000001fba0000)]
  0x000000001e159000 JavaThread "C2 CompilerThread2" daemon [_thread_blocked, id=16596, stack(0x000000001f9a0000,0x000000001faa0000)]
  0x000000001e151000 JavaThread "C2 CompilerThread1" daemon [_thread_blocked, id=16896, stack(0x000000001f8a0000,0x000000001f9a0000)]
  0x000000001e14b000 JavaThread "C2 CompilerThread0" daemon [_thread_blocked, id=8748, stack(0x000000001f7a0000,0x000000001f8a0000)]
  0x000000001e149000 JavaThread "Attach Listener" daemon [_thread_blocked, id=16188, stack(0x000000001f6a0000,0x000000001f7a0000)]
  0x000000001e147000 JavaThread "Signal Dispatcher" daemon [_thread_blocked, id=4044, stack(0x000000001f5a0000,0x000000001f6a0000)]
  0x000000001e133000 JavaThread "Finalizer" daemon [_thread_blocked, id=18824, stack(0x000000001f390000,0x000000001f490000)]
  0x000000001ca6c800 JavaThread "Reference Handler" daemon [_thread_blocked, id=18540, stack(0x000000001f290000,0x000000001f390000)]

Other Threads:
  0x000000001e112800 VMThread [stack: 0x000000001f190000,0x000000001f290000] [id=17284]
  0x000000001e169800 WatcherThread [stack: 0x000000001fca0000,0x000000001fda0000] [id=12000]

VM state:not at safepoint (normal execution)

VM Mutex/Monitor currently owned by a thread: None

Heap:
 PSYoungGen      total 75776K, used 2055K [0x000000076b780000, 0x0000000770c00000, 0x00000007c0000000)
  eden space 65024K, 3% used [0x000000076b780000,0x000000076b981d28,0x000000076f700000)
  from space 10752K, 0% used [0x0000000770180000,0x0000000770180000,0x0000000770c00000)
  to   space 10752K, 0% used [0x000000076f700000,0x000000076f700000,0x0000000770180000)
 ParOldGen       total 103936K, used 9007K [0x00000006c2600000, 0x00000006c8b80000, 0x000000076b780000)
  object space 103936K, 8% used [0x00000006c2600000,0x00000006c2ecbef8,0x00000006c8b80000)
 Metaspace       used 20870K, capacity 21651K, committed 21760K, reserved 1069056K
  class space    used 2835K, capacity 3043K, committed 3072K, reserved 1048576K

Card table byte_map: [0x0000000012280000,0x0000000012a70000] byte_map_base: 0x000000000ec6d000

Marking Bits: (ParMarkBitMap*) 0x0000000062922d00
 Begin Bits: [0x00000000139c0000, 0x0000000017928000)
 End Bits:   [0x0000000017928000, 0x000000001b890000)

Polling page: 0x0000000000e60000

CodeCache: size=245760Kb used=5254Kb max_used=5262Kb free=240505Kb
 bounds [0x0000000002ec0000, 0x00000000033f0000, 0x0000000011ec0000]
 total_blobs=2526 nmethods=1727 adapters=711
 compilation: enabled

Compilation events (10 events):
Event: 4.035 Thread 0x000000001e15b000 1723       3       com.badlogic.gdx.backends.lwjgl.DefaultLwjglInput::getLwjglKeyCode (1328 bytes)
Event: 4.036 Thread 0x000000001e15b000 nmethod 1723 0x00000000033e2ad0 code [0x00000000033e2ce0, 0x00000000033e3830]
Event: 4.102 Thread 0x000000001e15b000 1724       3       java.nio.DirectIntBufferU::get (16 bytes)
Event: 4.102 Thread 0x000000001e14b000 1725       4       java.nio.Buffer::limit (62 bytes)
Event: 4.102 Thread 0x000000001e15b000 nmethod 1724 0x00000000033e25d0 code [0x00000000033e2740, 0x00000000033e29b0]
Event: 4.102 Thread 0x000000001e14b000 nmethod 1725 0x00000000033e1350 code [0x00000000033e14a0, 0x00000000033e1578]
Event: 4.152 Thread 0x000000001e15b000 1726       3       java.nio.HeapByteBuffer::compact (52 bytes)
Event: 4.152 Thread 0x000000001e15b000 nmethod 1726 0x00000000033e5dd0 code [0x00000000033e5f80, 0x00000000033e68a8]
Event: 4.152 Thread 0x000000001e15b000 1727       3       java.nio.Buffer::discardMark (6 bytes)
Event: 4.152 Thread 0x000000001e15b000 nmethod 1727 0x00000000033e1050 code [0x00000000033e11a0, 0x00000000033e12f0]

GC Heap History (6 events):
Event: 2.843 GC heap before
{Heap before GC invocations=1 (full 0):
 PSYoungGen      total 75776K, used 65024K [0x000000076b780000, 0x0000000770c00000, 0x00000007c0000000)
  eden space 65024K, 100% used [0x000000076b780000,0x000000076f700000,0x000000076f700000)
  from space 10752K, 0% used [0x0000000770180000,0x0000000770180000,0x0000000770c00000)
  to   space 10752K, 0% used [0x000000076f700000,0x000000076f700000,0x0000000770180000)
 ParOldGen       total 173568K, used 0K [0x00000006c2600000, 0x00000006ccf80000, 0x000000076b780000)
  object space 173568K, 0% used [0x00000006c2600000,0x00000006c2600000,0x00000006ccf80000)
 Metaspace       used 19057K, capacity 19824K, committed 19840K, reserved 1067008K
  class space    used 2722K, capacity 2939K, committed 2944K, reserved 1048576K
Event: 2.850 GC heap after
Heap after GC invocations=1 (full 0):
 PSYoungGen      total 75776K, used 10739K [0x000000076b780000, 0x0000000770c00000, 0x00000007c0000000)
  eden space 65024K, 0% used [0x000000076b780000,0x000000076b780000,0x000000076f700000)
  from space 10752K, 99% used [0x000000076f700000,0x000000077017cf28,0x0000000770180000)
  to   space 10752K, 0% used [0x0000000770180000,0x0000000770180000,0x0000000770c00000)
 ParOldGen       total 173568K, used 3173K [0x00000006c2600000, 0x00000006ccf80000, 0x000000076b780000)
  object space 173568K, 1% used [0x00000006c2600000,0x00000006c29195d8,0x00000006ccf80000)
 Metaspace       used 19057K, capacity 19824K, committed 19840K, reserved 1067008K
  class space    used 2722K, capacity 2939K, committed 2944K, reserved 1048576K
}
Event: 3.119 GC heap before
{Heap before GC invocations=2 (full 0):
 PSYoungGen      total 75776K, used 18306K [0x000000076b780000, 0x0000000770c00000, 0x00000007c0000000)
  eden space 65024K, 11% used [0x000000076b780000,0x000000076bee3cb8,0x000000076f700000)
  from space 10752K, 99% used [0x000000076f700000,0x000000077017cf28,0x0000000770180000)
  to   space 10752K, 0% used [0x0000000770180000,0x0000000770180000,0x0000000770c00000)
 ParOldGen       total 173568K, used 3173K [0x00000006c2600000, 0x00000006ccf80000, 0x000000076b780000)
  object space 173568K, 1% used [0x00000006c2600000,0x00000006c29195d8,0x00000006ccf80000)
 Metaspace       used 20427K, capacity 21171K, committed 21248K, reserved 1067008K
  class space    used 2806K, capacity 3011K, committed 3072K, reserved 1048576K
Event: 3.124 GC heap after
Heap after GC invocations=2 (full 0):
 PSYoungGen      total 75776K, used 10738K [0x000000076b780000, 0x0000000770c00000, 0x00000007c0000000)
  eden space 65024K, 0% used [0x000000076b780000,0x000000076b780000,0x000000076f700000)
  from space 10752K, 99% used [0x0000000770180000,0x0000000770bfcaf0,0x0000000770c00000)
  to   space 10752K, 0% used [0x000000076f700000,0x000000076f700000,0x0000000770180000)
 ParOldGen       total 173568K, used 3686K [0x00000006c2600000, 0x00000006ccf80000, 0x000000076b780000)
  object space 173568K, 2% used [0x00000006c2600000,0x00000006c29998d8,0x00000006ccf80000)
 Metaspace       used 20427K, capacity 21171K, committed 21248K, reserved 1067008K
  class space    used 2806K, capacity 3011K, committed 3072K, reserved 1048576K
}
Event: 3.124 GC heap before
{Heap before GC invocations=3 (full 1):
 PSYoungGen      total 75776K, used 10738K [0x000000076b780000, 0x0000000770c00000, 0x00000007c0000000)
  eden space 65024K, 0% used [0x000000076b780000,0x000000076b780000,0x000000076f700000)
  from space 10752K, 99% used [0x0000000770180000,0x0000000770bfcaf0,0x0000000770c00000)
  to   space 10752K, 0% used [0x000000076f700000,0x000000076f700000,0x0000000770180000)
 ParOldGen       total 173568K, used 3686K [0x00000006c2600000, 0x00000006ccf80000, 0x000000076b780000)
  object space 173568K, 2% used [0x00000006c2600000,0x00000006c29998d8,0x00000006ccf80000)
 Metaspace       used 20427K, capacity 21171K, committed 21248K, reserved 1067008K
  class space    used 2806K, capacity 3011K, committed 3072K, reserved 1048576K
Event: 3.143 GC heap after
Heap after GC invocations=3 (full 1):
 PSYoungGen      total 75776K, used 0K [0x000000076b780000, 0x0000000770c00000, 0x00000007c0000000)
  eden space 65024K, 0% used [0x000000076b780000,0x000000076b780000,0x000000076f700000)
  from space 10752K, 0% used [0x0000000770180000,0x0000000770180000,0x0000000770c00000)
  to   space 10752K, 0% used [0x000000076f700000,0x000000076f700000,0x0000000770180000)
 ParOldGen       total 103936K, used 9007K [0x00000006c2600000, 0x00000006c8b80000, 0x000000076b780000)
  object space 103936K, 8% used [0x00000006c2600000,0x00000006c2ecbef8,0x00000006c8b80000)
 Metaspace       used 20427K, capacity 21171K, committed 21248K, reserved 1067008K
  class space    used 2806K, capacity 3011K, committed 3072K, reserved 1048576K
}

Deoptimization events (10 events):
Event: 0.734 Thread 0x000000001fe69000 Uncommon trap: reason=class_check action=maybe_recompile pc=0x000000000320642c method=java.util.HashMap.putVal(ILjava/lang/Object;Ljava/lang/Object;ZZ)Ljava/lang/Object; @ 203
Event: 0.734 Thread 0x000000001fe69000 Uncommon trap: reason=class_check action=maybe_recompile pc=0x000000000320642c method=java.util.HashMap.putVal(ILjava/lang/Object;Ljava/lang/Object;ZZ)Ljava/lang/Object; @ 203
Event: 0.734 Thread 0x000000001fe69000 Uncommon trap: reason=class_check action=maybe_recompile pc=0x000000000320642c method=java.util.HashMap.putVal(ILjava/lang/Object;Ljava/lang/Object;ZZ)Ljava/lang/Object; @ 203
Event: 1.655 Thread 0x000000001fe69000 Uncommon trap: reason=unstable_if action=reinterpret pc=0x00000000031d86a8 method=jdk.internal.org.objectweb.asm.Type.getArgumentsAndReturnSizes(Ljava/lang/String;)I @ 47
Event: 1.739 Thread 0x000000001fe69000 Uncommon trap: reason=unstable_if action=reinterpret pc=0x00000000031eb42c method=java.util.HashMap.hash(Ljava/lang/Object;)I @ 1
Event: 1.739 Thread 0x000000001fe69000 Uncommon trap: reason=unstable_if action=reinterpret pc=0x0000000003218c30 method=java.util.HashMap.hash(Ljava/lang/Object;)I @ 1
Event: 1.743 Thread 0x000000001fe69000 Uncommon trap: reason=unstable_if action=reinterpret pc=0x0000000003268e2c method=java.lang.ClassLoader.checkName(Ljava/lang/String;)Z @ 20
Event: 1.754 Thread 0x000000001fe69000 Uncommon trap: reason=unstable_if action=reinterpret pc=0x00000000032075cc method=java.lang.String.regionMatches(ZILjava/lang/String;II)Z @ 123
Event: 2.598 Thread 0x000000001fe69000 Uncommon trap: reason=class_check action=maybe_recompile pc=0x000000000323233c method=java.util.HashMap.putVal(ILjava/lang/Object;Ljava/lang/Object;ZZ)Ljava/lang/Object; @ 253
Event: 2.598 Thread 0x000000001fe69000 Uncommon trap: reason=class_check action=maybe_recompile pc=0x000000000323233c method=java.util.HashMap.putVal(ILjava/lang/Object;Ljava/lang/Object;ZZ)Ljava/lang/Object; @ 253

Classes redefined (0 events):
No events

Internal exceptions (10 events):
Event: 0.570 Thread 0x000000001fe69000 Exception <a 'java/lang/ArrayIndexOutOfBoundsException'> (0x000000076da8e108) thrown at [C:\re\workspace\8-2-build-windows-amd64-cygwin\jdk8u181\11358\hotspot\src\share\vm\runtime\sharedRuntime.cpp, line 605]
Event: 0.592 Thread 0x000000001fe69000 Exception <a 'java/io/FileNotFoundException'> (0x000000076dbc07c0) thrown at [C:\re\workspace\8-2-build-windows-amd64-cygwin\jdk8u181\11358\hotspot\src\share\vm\prims\jni.cpp, line 709]
Event: 1.739 Thread 0x000000001fe69000 Implicit null exception at 0x00000000031eb1f5 to 0x00000000031eb41d
Event: 1.739 Thread 0x000000001fe69000 Implicit null exception at 0x0000000003218b98 to 0x0000000003218c26
Event: 2.814 Thread 0x000000001fe69000 Exception <a 'java/security/PrivilegedActionException'> (0x000000076f5d8780) thrown at [C:\re\workspace\8-2-build-windows-amd64-cygwin\jdk8u181\11358\hotspot\src\share\vm\prims\jvm.cpp, line 1435]
Event: 2.815 Thread 0x000000001fe69000 Exception <a 'java/security/PrivilegedActionException'> (0x000000076f5dab08) thrown at [C:\re\workspace\8-2-build-windows-amd64-cygwin\jdk8u181\11358\hotspot\src\share\vm\prims\jvm.cpp, line 1435]
Event: 2.815 Thread 0x000000001fe69000 Exception <a 'java/security/PrivilegedActionException'> (0x000000076f5dc3c8) thrown at [C:\re\workspace\8-2-build-windows-amd64-cygwin\jdk8u181\11358\hotspot\src\share\vm\prims\jvm.cpp, line 1435]
Event: 2.815 Thread 0x000000001fe69000 Exception <a 'java/security/PrivilegedActionException'> (0x000000076f5e1c48) thrown at [C:\re\workspace\8-2-build-windows-amd64-cygwin\jdk8u181\11358\hotspot\src\share\vm\prims\jvm.cpp, line 1435]
Event: 2.815 Thread 0x000000001fe69000 Exception <a 'java/security/PrivilegedActionException'> (0x000000076f5e3040) thrown at [C:\re\workspace\8-2-build-windows-amd64-cygwin\jdk8u181\11358\hotspot\src\share\vm\prims\jvm.cpp, line 1435]
Event: 2.815 Thread 0x000000001fe69000 Exception <a 'java/security/PrivilegedActionException'> (0x000000076f5e4408) thrown at [C:\re\workspace\8-2-build-windows-amd64-cygwin\jdk8u181\11358\hotspot\src\share\vm\prims\jvm.cpp, line 1435]

Events (10 events):
Event: 3.173 loading class org/lwjgl/opengl/Sync$1 done
Event: 3.173 Thread 0x0000000020530800 Thread added: 0x0000000020530800
Event: 4.110 Executing VM operation: EnableBiasedLocking
Event: 4.110 Executing VM operation: EnableBiasedLocking done
Event: 4.402 loading class org/lwjgl/opengl/WindowsKeycodes
Event: 4.402 loading class org/lwjgl/opengl/WindowsKeycodes done
Event: 4.403 loading class com/badlogic/gdx/backends/lwjgl/DefaultLwjglInput$KeyEvent
Event: 4.403 loading class com/badlogic/gdx/backends/lwjgl/DefaultLwjglInput$KeyEvent done
Event: 4.403 loading class clientUI/ApplicationUI$1
Event: 4.403 loading class clientUI/ApplicationUI$1 done


Dynamic libraries:
0x00007ff793020000 - 0x00007ff793057000 	C:\Program Files\Java\jdk1.8.0_181\bin\java.exe
0x00007ff961cf0000 - 0x00007ff961ee6000 	C:\WINDOWS\SYSTEM32\ntdll.dll
0x00007ff961300000 - 0x00007ff9613bd000 	C:\WINDOWS\System32\KERNEL32.DLL
0x00007ff95f8c0000 - 0x00007ff95fb89000 	C:\WINDOWS\System32\KERNELBASE.dll
0x00007ff960940000 - 0x00007ff9609ec000 	C:\WINDOWS\System32\ADVAPI32.dll
0x00007ff95fe90000 - 0x00007ff95ff2e000 	C:\WINDOWS\System32\msvcrt.dll
0x00007ff960e80000 - 0x00007ff960f1c000 	C:\WINDOWS\System32\sechost.dll
0x00007ff960660000 - 0x00007ff96078b000 	C:\WINDOWS\System32\RPCRT4.dll
0x00007ff961100000 - 0x00007ff9612a0000 	C:\WINDOWS\System32\USER32.dll
0x00007ff95f4c0000 - 0x00007ff95f4e2000 	C:\WINDOWS\System32\win32u.dll
0x00007ff960e40000 - 0x00007ff960e6a000 	C:\WINDOWS\System32\GDI32.dll
0x00007ff95fc40000 - 0x00007ff95fd49000 	C:\WINDOWS\System32\gdi32full.dll
0x00007ff95f650000 - 0x00007ff95f6ed000 	C:\WINDOWS\System32\msvcp_win.dll
0x00007ff95f740000 - 0x00007ff95f840000 	C:\WINDOWS\System32\ucrtbase.dll
0x00007ff94c920000 - 0x00007ff94cbbb000 	C:\WINDOWS\WinSxS\amd64_microsoft.windows.common-controls_6595b64144ccf1df_6.0.19041.488_none_ca04af081b815d21\COMCTL32.dll
0x00007ff9603a0000 - 0x00007ff9603d0000 	C:\WINDOWS\System32\IMM32.DLL
0x00000000629b0000 - 0x0000000062a82000 	C:\Program Files\Java\jdk1.8.0_181\jre\bin\msvcr100.dll
0x0000000062100000 - 0x00000000629a2000 	C:\Program Files\Java\jdk1.8.0_181\jre\bin\server\jvm.dll
0x00007ff9604a0000 - 0x00007ff9604a8000 	C:\WINDOWS\System32\PSAPI.DLL
0x00007ff9532d0000 - 0x00007ff9532f7000 	C:\WINDOWS\SYSTEM32\WINMM.dll
0x00007ff94eae0000 - 0x00007ff94eae9000 	C:\WINDOWS\SYSTEM32\WSOCK32.dll
0x00007ff957fd0000 - 0x00007ff957fda000 	C:\WINDOWS\SYSTEM32\VERSION.dll
0x00007ff961b20000 - 0x00007ff961b8b000 	C:\WINDOWS\System32\WS2_32.dll
0x00000000620f0000 - 0x00000000620ff000 	C:\Program Files\Java\jdk1.8.0_181\jre\bin\verify.dll
0x00000000620c0000 - 0x00000000620e9000 	C:\Program Files\Java\jdk1.8.0_181\jre\bin\java.dll
0x00000000620a0000 - 0x00000000620b6000 	C:\Program Files\Java\jdk1.8.0_181\jre\bin\zip.dll
0x00007ff9613d0000 - 0x00007ff961b12000 	C:\WINDOWS\System32\SHELL32.dll
0x00007ff95d4a0000 - 0x00007ff95dc35000 	C:\WINDOWS\SYSTEM32\windows.storage.dll
0x00007ff9609f0000 - 0x00007ff960d46000 	C:\WINDOWS\System32\combase.dll
0x00007ff95edd0000 - 0x00007ff95edfc000 	C:\WINDOWS\SYSTEM32\Wldp.dll
0x00007ff960f20000 - 0x00007ff960fce000 	C:\WINDOWS\System32\SHCORE.dll
0x00007ff9610a0000 - 0x00007ff9610f5000 	C:\WINDOWS\System32\shlwapi.dll
0x00007ff95f360000 - 0x00007ff95f386000 	C:\WINDOWS\SYSTEM32\profapi.dll
0x0000000002bf0000 - 0x0000000002bf3000 	C:\Program Files\Java\jdk1.8.0_181\jre\bin\api-ms-win-core-console-l1-1-0.dll
0x0000000002c00000 - 0x0000000002c03000 	C:\Program Files\Java\jdk1.8.0_181\jre\bin\api-ms-win-core-datetime-l1-1-0.dll
0x0000000002d20000 - 0x0000000002d23000 	C:\Program Files\Java\jdk1.8.0_181\jre\bin\api-ms-win-core-debug-l1-1-0.dll
0x0000000002d30000 - 0x0000000002d33000 	C:\Program Files\Java\jdk1.8.0_181\jre\bin\api-ms-win-core-errorhandling-l1-1-0.dll
0x0000000002d40000 - 0x0000000002d44000 	C:\Program Files\Java\jdk1.8.0_181\jre\bin\api-ms-win-core-file-l1-1-0.dll
0x0000000002d50000 - 0x0000000002d53000 	C:\Program Files\Java\jdk1.8.0_181\jre\bin\api-ms-win-core-file-l1-2-0.dll
0x0000000002d60000 - 0x0000000002d63000 	C:\Program Files\Java\jdk1.8.0_181\jre\bin\api-ms-win-core-file-l2-1-0.dll
0x0000000002d70000 - 0x0000000002d73000 	C:\Program Files\Java\jdk1.8.0_181\jre\bin\api-ms-win-core-handle-l1-1-0.dll
0x0000000002d80000 - 0x0000000002d83000 	C:\Program Files\Java\jdk1.8.0_181\jre\bin\api-ms-win-core-heap-l1-1-0.dll
0x0000000002d90000 - 0x0000000002d93000 	C:\Program Files\Java\jdk1.8.0_181\jre\bin\api-ms-win-core-interlocked-l1-1-0.dll
0x0000000002da0000 - 0x0000000002da3000 	C:\Program Files\Java\jdk1.8.0_181\jre\bin\api-ms-win-core-libraryloader-l1-1-0.dll
0x00000000205a0000 - 0x00000000205a3000 	C:\Program Files\Java\jdk1.8.0_181\jre\bin\api-ms-win-core-localization-l1-2-0.dll
0x00000000205b0000 - 0x00000000205b3000 	C:\Program Files\Java\jdk1.8.0_181\jre\bin\api-ms-win-core-memory-l1-1-0.dll
0x00000000205c0000 - 0x00000000205c3000 	C:\Program Files\Java\jdk1.8.0_181\jre\bin\api-ms-win-core-namedpipe-l1-1-0.dll
0x00000000205d0000 - 0x00000000205d3000 	C:\Program Files\Java\jdk1.8.0_181\jre\bin\api-ms-win-core-processenvironment-l1-1-0.dll
0x00000000205e0000 - 0x00000000205e3000 	C:\Program Files\Java\jdk1.8.0_181\jre\bin\api-ms-win-core-processthreads-l1-1-0.dll
0x00000000205f0000 - 0x00000000205f3000 	C:\Program Files\Java\jdk1.8.0_181\jre\bin\api-ms-win-core-processthreads-l1-1-1.dll
0x0000000020600000 - 0x0000000020603000 	C:\Program Files\Java\jdk1.8.0_181\jre\bin\api-ms-win-core-profile-l1-1-0.dll
0x0000000020610000 - 0x0000000020613000 	C:\Program Files\Java\jdk1.8.0_181\jre\bin\api-ms-win-core-rtlsupport-l1-1-0.dll
0x0000000020620000 - 0x0000000020623000 	C:\Program Files\Java\jdk1.8.0_181\jre\bin\api-ms-win-core-string-l1-1-0.dll
0x0000000020630000 - 0x0000000020633000 	C:\Program Files\Java\jdk1.8.0_181\jre\bin\api-ms-win-core-synch-l1-1-0.dll
0x0000000020640000 - 0x0000000020643000 	C:\Program Files\Java\jdk1.8.0_181\jre\bin\api-ms-win-core-synch-l1-2-0.dll
0x0000000020650000 - 0x0000000020653000 	C:\Program Files\Java\jdk1.8.0_181\jre\bin\api-ms-win-core-sysinfo-l1-1-0.dll
0x0000000020660000 - 0x0000000020663000 	C:\Program Files\Java\jdk1.8.0_181\jre\bin\api-ms-win-core-timezone-l1-1-0.dll
0x0000000020670000 - 0x0000000020673000 	C:\Program Files\Java\jdk1.8.0_181\jre\bin\api-ms-win-core-util-l1-1-0.dll
0x0000000020680000 - 0x0000000020683000 	C:\Program Files\Java\jdk1.8.0_181\jre\bin\api-ms-win-crt-conio-l1-1-0.dll
0x0000000020690000 - 0x0000000020694000 	C:\Program Files\Java\jdk1.8.0_181\jre\bin\api-ms-win-crt-convert-l1-1-0.dll
0x00000000206a0000 - 0x00000000206a3000 	C:\Program Files\Java\jdk1.8.0_181\jre\bin\api-ms-win-crt-environment-l1-1-0.dll
0x00000000206b0000 - 0x00000000206b3000 	C:\Program Files\Java\jdk1.8.0_181\jre\bin\api-ms-win-crt-filesystem-l1-1-0.dll
0x00000000206c0000 - 0x00000000206c3000 	C:\Program Files\Java\jdk1.8.0_181\jre\bin\api-ms-win-crt-heap-l1-1-0.dll
0x00000000206d0000 - 0x00000000206d3000 	C:\Program Files\Java\jdk1.8.0_181\jre\bin\api-ms-win-crt-locale-l1-1-0.dll
0x00000000206e0000 - 0x00000000206e5000 	C:\Program Files\Java\jdk1.8.0_181\jre\bin\api-ms-win-crt-math-l1-1-0.dll
0x00000000206f0000 - 0x00000000206f5000 	C:\Program Files\Java\jdk1.8.0_181\jre\bin\api-ms-win-crt-multibyte-l1-1-0.dll
0x0000000020700000 - 0x0000000020710000 	C:\Program Files\Java\jdk1.8.0_181\jre\bin\api-ms-win-crt-private-l1-1-0.dll
0x0000000020710000 - 0x0000000020713000 	C:\Program Files\Java\jdk1.8.0_181\jre\bin\api-ms-win-crt-process-l1-1-0.dll
0x0000000020720000 - 0x0000000020724000 	C:\Program Files\Java\jdk1.8.0_181\jre\bin\api-ms-win-crt-runtime-l1-1-0.dll
0x0000000020730000 - 0x0000000020734000 	C:\Program Files\Java\jdk1.8.0_181\jre\bin\api-ms-win-crt-stdio-l1-1-0.dll
0x0000000020740000 - 0x0000000020744000 	C:\Program Files\Java\jdk1.8.0_181\jre\bin\api-ms-win-crt-string-l1-1-0.dll
0x0000000020750000 - 0x0000000020753000 	C:\Program Files\Java\jdk1.8.0_181\jre\bin\api-ms-win-crt-time-l1-1-0.dll
0x0000000020760000 - 0x0000000020763000 	C:\Program Files\Java\jdk1.8.0_181\jre\bin\api-ms-win-crt-utility-l1-1-0.dll
0x00007ff911d30000 - 0x00007ff911e26000 	C:\Program Files\Java\jdk1.8.0_181\jre\bin\ucrtbase.dll
0x00007ff9548e0000 - 0x00007ff9548f6000 	C:\Program Files\Java\jdk1.8.0_181\jre\bin\vcruntime140.dll
0x00007ff911950000 - 0x00007ff9119ec000 	C:\Program Files\Java\jdk1.8.0_181\jre\bin\msvcp140.dll
0x00007ff94c1d0000 - 0x00007ff94c221000 	C:\Program Files\Java\jdk1.8.0_181\jre\bin\concrt140.dll
0x0000000062000000 - 0x0000000062023000 	C:\Program Files\Java\jdk1.8.0_181\jre\bin\prism_d3d.dll
0x00007ff9457b0000 - 0x00007ff94597f000 	C:\WINDOWS\system32\d3d9.dll
0x00007ff95dd60000 - 0x00007ff95dd72000 	C:\WINDOWS\SYSTEM32\kernel.appcore.dll
0x00007ff95d1b0000 - 0x00007ff95d1df000 	C:\WINDOWS\SYSTEM32\dwmapi.dll
0x00007ff95ce00000 - 0x00007ff95ce9e000 	C:\WINDOWS\system32\uxtheme.dll
0x00007ff960530000 - 0x00007ff96065a000 	C:\WINDOWS\System32\ole32.dll
0x00007ff9603d0000 - 0x00007ff96049d000 	C:\WINDOWS\System32\OLEAUT32.dll
0x00007ff95f6f0000 - 0x00007ff95f73e000 	C:\WINDOWS\System32\cfgmgr32.dll
0x00007ff95f430000 - 0x00007ff95f457000 	C:\WINDOWS\System32\bcrypt.dll
0x00007ff948b90000 - 0x00007ff948dcf000 	C:\WINDOWS\System32\DriverStore\FileRepository\igdlh64.inf_amd64_2cec8fd58a80e6ea\igdgmm64.dll
0x0000000061fb0000 - 0x0000000061ff9000 	C:\Program Files\Java\jdk1.8.0_181\jre\bin\glass.dll
0x00007ff95fdb0000 - 0x00007ff95fe8b000 	C:\WINDOWS\System32\COMDLG32.dll
0x00007ff961b90000 - 0x00007ff961ca6000 	C:\WINDOWS\System32\MSCTF.dll
0x00007ff95f840000 - 0x00007ff95f8c0000 	C:\WINDOWS\System32\bcryptPrimitives.dll
0x00007ff945f20000 - 0x00007ff948b82000 	C:\WINDOWS\System32\DriverStore\FileRepository\igdlh64.inf_amd64_2cec8fd58a80e6ea\igc64.dll
0x00007ff9575c0000 - 0x00007ff9575fb000 	C:\WINDOWS\SYSTEM32\dxcore.dll
0x0000000061f30000 - 0x0000000061fa4000 	C:\Program Files\Java\jdk1.8.0_181\jre\bin\glib-lite.dll
0x0000000061e90000 - 0x0000000061f2c000 	C:\Program Files\Java\jdk1.8.0_181\jre\bin\gstreamer-lite.dll
0x00007ff955440000 - 0x00007ff9554dc000 	C:\WINDOWS\SYSTEM32\DSOUND.dll
0x00007ff95f290000 - 0x00007ff95f2db000 	C:\WINDOWS\SYSTEM32\powrprof.dll
0x00007ff9517e0000 - 0x00007ff951806000 	C:\WINDOWS\SYSTEM32\winmmbase.dll
0x00007ff95f270000 - 0x00007ff95f282000 	C:\WINDOWS\SYSTEM32\UMPDC.dll
0x0000000061e60000 - 0x0000000061e86000 	C:\Program Files\Java\jdk1.8.0_181\jre\bin\jfxmedia.dll
0x0000000062080000 - 0x000000006209a000 	C:\Program Files\Java\jdk1.8.0_181\jre\bin\net.dll
0x00007ff95eb50000 - 0x00007ff95ebba000 	C:\WINDOWS\system32\mswsock.dll
0x0000000062060000 - 0x0000000062071000 	C:\Program Files\Java\jdk1.8.0_181\jre\bin\nio.dll
0x00007ff95f2e0000 - 0x00007ff95f31c000 	C:\WINDOWS\SYSTEM32\SspiCli.dll
0x0000000061e20000 - 0x0000000061e51000 	C:\Program Files\Java\jdk1.8.0_181\jre\bin\fxplugins.dll
0x00007ff960fd0000 - 0x00007ff961079000 	C:\WINDOWS\System32\clbcatq.dll
0x00007ff9592d0000 - 0x00007ff959355000 	C:\WINDOWS\System32\MMDevApi.dll
0x00007ff95f170000 - 0x00007ff95f19c000 	C:\WINDOWS\System32\DEVOBJ.dll
0x00007ff959820000 - 0x00007ff9599a4000 	C:\WINDOWS\SYSTEM32\AUDIOSES.DLL
0x00007ff95cee0000 - 0x00007ff95cef4000 	C:\WINDOWS\SYSTEM32\resourcepolicyclient.dll
0x00007ff94c080000 - 0x00007ff94c0ab000 	C:\Windows\System32\qasf.dll
0x00007ff955190000 - 0x00007ff95519b000 	C:\Windows\System32\msdmo.dll
0x00007ff905990000 - 0x00007ff905be9000 	C:\Windows\System32\WMVCore.DLL
0x00007ff910140000 - 0x00007ff91026d000 	C:\Windows\System32\mfperfhelper.dll
0x00007ff9401a0000 - 0x00007ff9401f5000 	C:\Windows\System32\WMASF.DLL
0x00007ff9548a0000 - 0x00007ff9548bc000 	C:\Windows\System32\mp3dmod.dll
0x00007ff940580000 - 0x00007ff94073b000 	C:\WINDOWS\SYSTEM32\mfplat.DLL
0x00007ff940550000 - 0x00007ff940580000 	C:\WINDOWS\SYSTEM32\RTWorkQ.DLL
0x00007ff9072d0000 - 0x00007ff90749f000 	C:\Windows\System32\quartz.dll
0x00007ff93fb30000 - 0x00007ff93fb47000 	C:\WINDOWS\system32\napinsp.dll
0x00007ff93fb10000 - 0x00007ff93fb2b000 	C:\WINDOWS\system32\pnrpnsp.dll
0x00007ff93faf0000 - 0x00007ff93fb05000 	C:\WINDOWS\system32\wshbth.dll
0x00007ff95b0b0000 - 0x00007ff95b0cd000 	C:\WINDOWS\system32\NLAapi.dll
0x00007ff95e840000 - 0x00007ff95e87b000 	C:\WINDOWS\SYSTEM32\IPHLPAPI.DLL
0x00007ff95e880000 - 0x00007ff95e94b000 	C:\WINDOWS\SYSTEM32\DNSAPI.dll
0x00007ff9613c0000 - 0x00007ff9613c8000 	C:\WINDOWS\System32\NSI.dll
0x00007ff93fad0000 - 0x00007ff93fae2000 	C:\WINDOWS\System32\winrnr.dll
0x00007ff956160000 - 0x00007ff95616a000 	C:\Windows\System32\rasadhlp.dll

VM Arguments:
jvm_args: -Dfile.encoding=UTF-8 -Duser.country=RU -Duser.language=ru -Duser.variant 
java_command: clientUI.ApplicationUI
java_class_path (initial): C:\Users\Xokken\IdeaProjects\SecondSemesterWorkInfo\core\build\classes\java\main;C:\Users\Xokken\IdeaProjects\SecondSemesterWorkInfo\core\build\resources\main;C:\Users\Xokken\.gradle\caches\modules-2\files-2.1\com.badlogicgames.gdx\gdx-freetype\1.9.12\7e2432000d80a8bbedd2de656f7b060bf1c01f7f\gdx-freetype-1.9.12.jar;C:\Users\Xokken\.gradle\caches\modules-2\files-2.1\com.badlogicgames.gdx\gdx-backend-lwjgl\1.9.12\82ff0003171e3e0df9a12c8f86d264a88afb112\gdx-backend-lwjgl-1.9.12.jar;C:\Users\Xokken\.gradle\caches\modules-2\files-2.1\com.badlogicgames.gdx\gdx\1.9.12\e2d132e76ef94b27d309ab0ea9fe06a8e2d0a80\gdx-1.9.12.jar;C:\Users\Xokken\.gradle\caches\modules-2\files-2.1\com.badlogicgames.gdx\gdx-platform\1.9.12\6b5da746f38d84818fe376f57f6b5cf93a39f75b\gdx-platform-1.9.12-natives-desktop.jar;C:\Users\Xokken\.gradle\caches\modules-2\files-2.1\com.badlogicgames.gdx\gdx-freetype-platform\1.9.12\d7dbccdb8a12233aba7ede3ba2898f1ea9b65fa8\gdx-freetype-platform-1.9.12-natives-desktop.jar;C:\Users\Xokken\.gradle\caches\modules-2\files-2.1\org.lwjgl.lwjgl\lwjgl_util\2.9.3\751f06b62424da056954c67288fd5c494431e350\lwjgl_util-2.9.3.jar;C:\Users\Xokken\.gradle\caches\modules-2\files-2.1\org.lwjgl.lwjgl\lwjgl\2.9.3\3df168ac74e4a8c96562cdff24ad352e255bf89c\lwjgl-2.9.3.jar;C:\Users\Xokken\.gradle\caches\modules-2\files-2.1\com.badlogicgames.jlayer\jlayer\1.0.1-gdx\7cca83cec5c1b2f011362f4d85aabd71a73b049d\jlayer-1.0.1-gdx.jar;C:\Users\Xokken\.gradle\caches\modules-2\files-2.1\org.jcraft\jorbis\0.0.17\8872d22b293e8f5d7d56ff92be966e6dc28ebdc6\jorbis-0.0.17.jar;C:\Users\Xokken\.gradle\caches\modules-2\files-2.1\org.lwjgl.lwjgl\lwjgl-platform\2.9.3\fbc2afb3e288578e9942578decb6291a490549a0\lwjgl-platform-2.9.3-natives-windows.jar;C:\Users\Xokken\.gradle\caches\modules-2\files-2.1\org.lwjgl.lwjgl\lwjgl-platform\2.9.3\b1eafe80093381c56415731e1d64279e6140bcd0\lwjgl-platform-2.9.3-natives-linux.jar;C:\Users\Xokken\.gradle\caches\modules-2\files-2.1\org.lwjgl.lwjgl\lwjgl
Launcher Type: SUN_STANDARD

Environment Variables:
JAVA_HOME=C:\Program Files\Java\jdk1.8.0_181
PATH=C:\ProgramData\Oracle\Java\javapath;C:\Windows\system32;C:\Windows;C:\Windows\System32\Wbem;C:\Windows\System32\WindowsPowerShell\v1.0\;C:\php;C:\ProgramData\ComposerSetup\bin;C:\Program Files\nodejs\;C:\Program Files\Bandizip\7z;C:\Users\Rikcon\AppData\Roaming\npm;C:\adb;C:\Program Files\Intel\WiFi\bin\;C:\Program Files\Common Files\Intel\WirelessCommon\;C:\HashiCorp\Vagrant\bin;C:\Go\bin;C:\Program Files (x86)\NVIDIA Corporation\PhysX\Common;C:\Program Files (x86)\Livestreamer;C:\Program Files (x86)\Git\cmd;C:\Program Files (x86)\Git\bin;C:\Python34\Scripts;C:\WINDOWS\system32;C:\WINDOWS;C:\WINDOWS\System32\Wbem;C:\WINDOWS\System32\WindowsPowerShell\v1.0\;C:\Program Files (x86)\Maven\apache-maven-3.6.3\bin;C:\Users\Xokken\AppData\Local\Microsoft\WindowsApps;C:\Program Files\Intel\WiFi\bin\;C:\Program Files\Common Files\Intel\WirelessCommon\;C:\Program Files\JetBrains\IntelliJ IDEA 2020.2\bin;;C:\Program Files\JetBrains\PyCharm 2020.2\bin;;C:\Users\Xokken\AppData\Local\Programs\Microsoft VS Code\bin
USERNAME=Xokken
OS=Windows_NT
PROCESSOR_IDENTIFIER=Intel64 Family 6 Model 158 Stepping 10, GenuineIntel



---------------  S Y S T E M  ---------------

OS: Windows 10.0 , 64 bit Build 19041 (10.0.19041.662)

CPU:total 12 (initial active 12) (6 cores per cpu, 2 threads per core) family 6 model 158 stepping 10, cmov, cx8, fxsr, mmx, sse, sse2, sse3, ssse3, sse4.1, sse4.2, popcnt, avx, avx2, aes, clmul, erms, 3dnowpref, lzcnt, ht, tsc, tscinvbit, bmi1, bmi2, adx

Memory: 4k page, physical 16617680k(6862288k free), swap 21598416k(5066720k free)

vm_info: Java HotSpot(TM) 64-Bit Server VM (25.181-b13) for windows-amd64 JRE (1.8.0_181-b13), built on Jul  7 2018 04:01:33 by "java_re" with MS VC++ 10.0 (VS2010)

time: Sat Dec 19 17:02:17 2020
elapsed time: 4 seconds (0d 0h 0m 4s)

